#-----------------------------------------------------------
# Vivado v2024.2 (64-bit)
# SW Build 5239630 on Fri Nov 08 22:35:27 MST 2024
# IP Build 5239520 on Sun Nov 10 16:12:51 MST 2024
# SharedData Build 5239561 on Fri Nov 08 14:39:27 MST 2024
# Start of session at: Fri Jun 26 14:29:33 2026
# Process ID         : 18020
# Current directory  : C:/Users/Matheus/Documents/Faculdade/Sistemas digitais para computadores/Risc
# Command line       : vivado.exe -mode batch -source build.tcl
# Log file           : C:/Users/Matheus/Documents/Faculdade/Sistemas digitais para computadores/Risc/vivado.log
# Journal file       : C:/Users/Matheus/Documents/Faculdade/Sistemas digitais para computadores/Risc\vivado.jou
# Running On         : Suporte
# Platform           : Windows Server 2016 or Windows 10
# Operating System   : 26200
# Processor Detail   : Intel(R) Core(TM) i7-10510U CPU @ 1.80GHz
# CPU Frequency      : 2304 MHz
# CPU Physical cores : 4
# CPU Logical cores  : 8
# Host memory        : 16953 MB
# Swap memory        : 3659 MB
# Total Virtual      : 20612 MB
# Available Virtual  : 7239 MB
#-----------------------------------------------------------
source build.tcl
# set script_dir [file dirname [file normalize [info script]]]
# set src_dir [file normalize [file join $script_dir componentes]]
# create_project -in_memory -part xc7z010clg400-1
# read_verilog [list [file join $src_dir top.v]]
# read_verilog [list [file join $src_dir cpu_top.v]]
# read_verilog [list [file join $src_dir counter_clk.v]]
# read_verilog [list [file join $src_dir controller_inst.v]]
# read_verilog [list [file join $src_dir counter_pc.v]]
# read_verilog [list [file join $src_dir address_mux.v]]
# read_verilog [list [file join $src_dir register_ir.v]]
# read_verilog [list [file join $src_dir alu_inst.v]]
# read_verilog [list [file join $src_dir register_ac.v]]
# read_verilog [list [file join $src_dir driver_inst.v]]
# read_verilog [list [file join $src_dir memory_inst.v]]
# read_xdc [list [file join $script_dir Zybo_Constraints.xdc]]
# synth_design -top top
Command: synth_design -top top
Starting synth_design
Using part: xc7z010clg400-1
Attempting to get a license for feature 'Synthesis' and/or device 'xc7z010'
INFO: [Common 17-349] Got license for feature 'Synthesis' and/or device 'xc7z010'
INFO: [Device 21-403] Loading part xc7z010clg400-1
INFO: [Synth 8-7079] Multithreading enabled for synth_design using a maximum of 2 processes.
INFO: [Synth 8-7078] Launching helper process for spawning children vivado processes
INFO: [Synth 8-7075] Helper process launched with PID 12912
---------------------------------------------------------------------------------
Starting RTL Elaboration : Time (s): cpu = 00:00:07 ; elapsed = 00:00:07 . Memory (MB): peak = 1048.273 ; gain = 467.102
---------------------------------------------------------------------------------
INFO: [Synth 8-6157] synthesizing module 'top' [C:/Users/Matheus/Documents/Faculdade/Sistemas digitais para computadores/Risc/componentes/top.v:15]
INFO: [Synth 8-6157] synthesizing module 'cpu_top' [C:/Users/Matheus/Documents/Faculdade/Sistemas digitais para computadores/Risc/componentes/cpu_top.v:2]
	Parameter DATA_WIDTH bound to: 8 - type: integer 
	Parameter ADDR_WIDTH bound to: 5 - type: integer 
	Parameter OPCODE_WIDTH bound to: 3 - type: integer 
INFO: [Synth 8-6157] synthesizing module 'counter_clk' [C:/Users/Matheus/Documents/Faculdade/Sistemas digitais para computadores/Risc/componentes/counter_clk.v:1]
INFO: [Synth 8-6155] done synthesizing module 'counter_clk' (0#1) [C:/Users/Matheus/Documents/Faculdade/Sistemas digitais para computadores/Risc/componentes/counter_clk.v:1]
INFO: [Synth 8-6157] synthesizing module 'controller_inst' [C:/Users/Matheus/Documents/Faculdade/Sistemas digitais para computadores/Risc/componentes/controller_inst.v:1]
INFO: [Synth 8-226] default block is never used [C:/Users/Matheus/Documents/Faculdade/Sistemas digitais para computadores/Risc/componentes/controller_inst.v:35]
INFO: [Synth 8-6155] done synthesizing module 'controller_inst' (0#1) [C:/Users/Matheus/Documents/Faculdade/Sistemas digitais para computadores/Risc/componentes/controller_inst.v:1]
INFO: [Synth 8-6157] synthesizing module 'counter_pc' [C:/Users/Matheus/Documents/Faculdade/Sistemas digitais para computadores/Risc/componentes/counter_pc.v:1]
	Parameter ADDR_WIDTH bound to: 5 - type: integer 
INFO: [Synth 8-6155] done synthesizing module 'counter_pc' (0#1) [C:/Users/Matheus/Documents/Faculdade/Sistemas digitais para computadores/Risc/componentes/counter_pc.v:1]
INFO: [Synth 8-6157] synthesizing module 'address_mux' [C:/Users/Matheus/Documents/Faculdade/Sistemas digitais para computadores/Risc/componentes/address_mux.v:1]
	Parameter ADDR_WIDTH bound to: 5 - type: integer 
INFO: [Synth 8-6155] done synthesizing module 'address_mux' (0#1) [C:/Users/Matheus/Documents/Faculdade/Sistemas digitais para computadores/Risc/componentes/address_mux.v:1]
INFO: [Synth 8-6157] synthesizing module 'register_ir' [C:/Users/Matheus/Documents/Faculdade/Sistemas digitais para computadores/Risc/componentes/register_ir.v:1]
	Parameter DATA_WIDTH bound to: 8 - type: integer 
	Parameter OPCODE_WIDTH bound to: 3 - type: integer 
	Parameter ADDR_WIDTH bound to: 5 - type: integer 
INFO: [Synth 8-6155] done synthesizing module 'register_ir' (0#1) [C:/Users/Matheus/Documents/Faculdade/Sistemas digitais para computadores/Risc/componentes/register_ir.v:1]
INFO: [Synth 8-6157] synthesizing module 'alu_inst' [C:/Users/Matheus/Documents/Faculdade/Sistemas digitais para computadores/Risc/componentes/alu_inst.v:1]
	Parameter DATA_WIDTH bound to: 8 - type: integer 
	Parameter OPCODE_WIDTH bound to: 3 - type: integer 
INFO: [Synth 8-6155] done synthesizing module 'alu_inst' (0#1) [C:/Users/Matheus/Documents/Faculdade/Sistemas digitais para computadores/Risc/componentes/alu_inst.v:1]
INFO: [Synth 8-6157] synthesizing module 'register_ac' [C:/Users/Matheus/Documents/Faculdade/Sistemas digitais para computadores/Risc/componentes/register_ac.v:1]
	Parameter DATA_WIDTH bound to: 8 - type: integer 
INFO: [Synth 8-6155] done synthesizing module 'register_ac' (0#1) [C:/Users/Matheus/Documents/Faculdade/Sistemas digitais para computadores/Risc/componentes/register_ac.v:1]
INFO: [Synth 8-6157] synthesizing module 'driver_inst' [C:/Users/Matheus/Documents/Faculdade/Sistemas digitais para computadores/Risc/componentes/driver_inst.v:5]
	Parameter DATA_WIDTH bound to: 8 - type: integer 
INFO: [Synth 8-6155] done synthesizing module 'driver_inst' (0#1) [C:/Users/Matheus/Documents/Faculdade/Sistemas digitais para computadores/Risc/componentes/driver_inst.v:5]
INFO: [Synth 8-6157] synthesizing module 'memory_inst' [C:/Users/Matheus/Documents/Faculdade/Sistemas digitais para computadores/Risc/componentes/memory_inst.v:5]
	Parameter ADDR_WIDTH bound to: 5 - type: integer 
	Parameter DATA_WIDTH bound to: 8 - type: integer 
INFO: [Synth 8-6155] done synthesizing module 'memory_inst' (0#1) [C:/Users/Matheus/Documents/Faculdade/Sistemas digitais para computadores/Risc/componentes/memory_inst.v:5]
INFO: [Synth 8-6155] done synthesizing module 'cpu_top' (0#1) [C:/Users/Matheus/Documents/Faculdade/Sistemas digitais para computadores/Risc/componentes/cpu_top.v:2]
INFO: [Synth 8-6155] done synthesizing module 'top' (0#1) [C:/Users/Matheus/Documents/Faculdade/Sistemas digitais para computadores/Risc/componentes/top.v:15]
---------------------------------------------------------------------------------
Finished RTL Elaboration : Time (s): cpu = 00:00:09 ; elapsed = 00:00:09 . Memory (MB): peak = 1154.418 ; gain = 573.246
---------------------------------------------------------------------------------
---------------------------------------------------------------------------------
Start Handling Custom Attributes
---------------------------------------------------------------------------------
---------------------------------------------------------------------------------
Finished Handling Custom Attributes : Time (s): cpu = 00:00:09 ; elapsed = 00:00:09 . Memory (MB): peak = 1154.418 ; gain = 573.246
---------------------------------------------------------------------------------
---------------------------------------------------------------------------------
Finished RTL Optimization Phase 1 : Time (s): cpu = 00:00:09 ; elapsed = 00:00:09 . Memory (MB): peak = 1154.418 ; gain = 573.246
---------------------------------------------------------------------------------
Netlist sorting complete. Time (s): cpu = 00:00:00 ; elapsed = 00:00:00.001 . Memory (MB): peak = 1154.418 ; gain = 0.000
INFO: [Project 1-570] Preparing netlist for logic optimization

Processing XDC Constraints
Initializing timing engine
Parsing XDC File [C:/Users/Matheus/Documents/Faculdade/Sistemas digitais para computadores/Risc/Zybo_Constraints.xdc]
Finished Parsing XDC File [C:/Users/Matheus/Documents/Faculdade/Sistemas digitais para computadores/Risc/Zybo_Constraints.xdc]
INFO: [Project 1-236] Implementation specific constraints were found while reading constraint file [C:/Users/Matheus/Documents/Faculdade/Sistemas digitais para computadores/Risc/Zybo_Constraints.xdc]. These constraints will be ignored for synthesis but will be used in implementation. Impacted constraints are listed in the file [.Xil/top_propImpl.xdc].
Resolution: To avoid this warning, move constraints listed in [.Xil/top_propImpl.xdc] to another XDC file and exclude this new file from synthesis with the used_in_synthesis property (File Properties dialog in GUI) and re-run elaboration/synthesis.
Completed Processing XDC Constraints

Netlist sorting complete. Time (s): cpu = 00:00:00 ; elapsed = 00:00:00 . Memory (MB): peak = 1233.586 ; gain = 0.000
INFO: [Project 1-111] Unisim Transformation Summary:
No Unisim elements were transformed.

Constraint Validation Runtime : Time (s): cpu = 00:00:00 ; elapsed = 00:00:00.002 . Memory (MB): peak = 1233.586 ; gain = 0.000
---------------------------------------------------------------------------------
Finished Constraint Validation : Time (s): cpu = 00:00:18 ; elapsed = 00:00:19 . Memory (MB): peak = 1233.586 ; gain = 652.414
---------------------------------------------------------------------------------
---------------------------------------------------------------------------------
Start Loading Part and Timing Information
---------------------------------------------------------------------------------
Loading part: xc7z010clg400-1
---------------------------------------------------------------------------------
Finished Loading Part and Timing Information : Time (s): cpu = 00:00:18 ; elapsed = 00:00:19 . Memory (MB): peak = 1233.586 ; gain = 652.414
---------------------------------------------------------------------------------
---------------------------------------------------------------------------------
Start Applying 'set_property' XDC Constraints
---------------------------------------------------------------------------------
---------------------------------------------------------------------------------
Finished applying 'set_property' XDC Constraints : Time (s): cpu = 00:00:18 ; elapsed = 00:00:19 . Memory (MB): peak = 1233.586 ; gain = 652.414
---------------------------------------------------------------------------------
---------------------------------------------------------------------------------
Finished RTL Optimization Phase 2 : Time (s): cpu = 00:00:18 ; elapsed = 00:00:19 . Memory (MB): peak = 1233.586 ; gain = 652.414
---------------------------------------------------------------------------------
---------------------------------------------------------------------------------
Start RTL Component Statistics 
---------------------------------------------------------------------------------
Detailed RTL Component Info : 
+---Adders : 
	   2 Input    8 Bit       Adders := 1     
	   3 Input    8 Bit       Adders := 1     
	   2 Input    5 Bit       Adders := 1     
+---Registers : 
	                8 Bit    Registers := 3     
	                5 Bit    Registers := 1     
	                1 Bit    Registers := 1     
+---Muxes : 
	   2 Input    8 Bit        Muxes := 1     
	   2 Input    5 Bit        Muxes := 2     
	   8 Input    1 Bit        Muxes := 5     
	   2 Input    1 Bit        Muxes := 2     
---------------------------------------------------------------------------------
Finished RTL Component Statistics 
---------------------------------------------------------------------------------
---------------------------------------------------------------------------------
Start Part Resource Summary
---------------------------------------------------------------------------------
Part Resources:
DSPs: 80 (col length:40)
BRAMs: 120 (col length: RAMB18 40 RAMB36 20)
---------------------------------------------------------------------------------
Finished Part Resource Summary
---------------------------------------------------------------------------------
---------------------------------------------------------------------------------
Start Cross Boundary and Area Optimization
---------------------------------------------------------------------------------
WARNING: [Synth 8-7080] Parallel synthesis criteria is not met
---------------------------------------------------------------------------------
Finished Cross Boundary and Area Optimization : Time (s): cpu = 00:00:21 ; elapsed = 00:00:21 . Memory (MB): peak = 1233.586 ; gain = 652.414
---------------------------------------------------------------------------------
---------------------------------------------------------------------------------
Start ROM, RAM, DSP, Shift Register and Retiming Reporting
---------------------------------------------------------------------------------

Distributed RAM: Preliminary Mapping Report (see note below)
+------------+-----------------+-----------+----------------------+---------------+
|Module Name | RTL Object      | Inference | Size (Depth x Width) | Primitives    | 
+------------+-----------------+-----------+----------------------+---------------+
|top         | cpu/mem/ram_reg | Implied   | 32 x 8               | RAM32X1S x 8  | 
+------------+-----------------+-----------+----------------------+---------------+

Note: The table above is a preliminary report that shows the Distributed RAMs at the current stage of the synthesis flow. Some Distributed RAMs may be reimplemented as non Distributed RAM primitives later in the synthesis flow. Multiple instantiated RAMs are reported only once.
---------------------------------------------------------------------------------
Finished ROM, RAM, DSP, Shift Register and Retiming Reporting
---------------------------------------------------------------------------------
---------------------------------------------------------------------------------
Start Applying XDC Timing Constraints
---------------------------------------------------------------------------------
---------------------------------------------------------------------------------
Finished Applying XDC Timing Constraints : Time (s): cpu = 00:00:27 ; elapsed = 00:00:28 . Memory (MB): peak = 1363.523 ; gain = 782.352
---------------------------------------------------------------------------------
---------------------------------------------------------------------------------
Start Timing Optimization
---------------------------------------------------------------------------------
WARNING: [Synth 8-326] inferred exception to break timing loop: 'set_false_path -through cpui_1/i_188/O'
---------------------------------------------------------------------------------
Finished Timing Optimization : Time (s): cpu = 00:00:27 ; elapsed = 00:00:28 . Memory (MB): peak = 1386.367 ; gain = 805.195
---------------------------------------------------------------------------------
---------------------------------------------------------------------------------
Start ROM, RAM, DSP, Shift Register and Retiming Reporting
---------------------------------------------------------------------------------

Distributed RAM: Final Mapping Report
+------------+-----------------+-----------+----------------------+---------------+
|Module Name | RTL Object      | Inference | Size (Depth x Width) | Primitives    | 
+------------+-----------------+-----------+----------------------+---------------+
|top         | cpu/mem/ram_reg | Implied   | 32 x 8               | RAM32X1S x 8  | 
+------------+-----------------+-----------+----------------------+---------------+

---------------------------------------------------------------------------------
Finished ROM, RAM, DSP, Shift Register and Retiming Reporting
---------------------------------------------------------------------------------
---------------------------------------------------------------------------------
Start Technology Mapping
---------------------------------------------------------------------------------
---------------------------------------------------------------------------------
Finished Technology Mapping : Time (s): cpu = 00:00:27 ; elapsed = 00:00:28 . Memory (MB): peak = 1386.367 ; gain = 805.195
---------------------------------------------------------------------------------
---------------------------------------------------------------------------------
Start IO Insertion
---------------------------------------------------------------------------------
---------------------------------------------------------------------------------
Start Flattening Before IO Insertion
---------------------------------------------------------------------------------
---------------------------------------------------------------------------------
Finished Flattening Before IO Insertion
---------------------------------------------------------------------------------
---------------------------------------------------------------------------------
Start Final Netlist Cleanup
---------------------------------------------------------------------------------
---------------------------------------------------------------------------------
Finished Final Netlist Cleanup
---------------------------------------------------------------------------------
---------------------------------------------------------------------------------
Finished IO Insertion : Time (s): cpu = 00:00:31 ; elapsed = 00:00:32 . Memory (MB): peak = 1591.191 ; gain = 1010.020
---------------------------------------------------------------------------------
---------------------------------------------------------------------------------
Start Renaming Generated Instances
---------------------------------------------------------------------------------
---------------------------------------------------------------------------------
Finished Renaming Generated Instances : Time (s): cpu = 00:00:31 ; elapsed = 00:00:32 . Memory (MB): peak = 1591.191 ; gain = 1010.020
---------------------------------------------------------------------------------
WARNING: [Synth 8-326] inferred exception to break timing loop: 'set_false_path -through \cpu/alu/alu_out0_carry /O[0]'
WARNING: [Synth 8-326] inferred exception to break timing loop: 'set_false_path -through \cpu/alu/alu_out0_carry /O[1]'
WARNING: [Synth 8-326] inferred exception to break timing loop: 'set_false_path -through \cpu/alu/alu_out0_carry /O[2]'
WARNING: [Synth 8-326] inferred exception to break timing loop: 'set_false_path -through \cpu/alu/alu_out0_carry /O[3]'
---------------------------------------------------------------------------------
Start Rebuilding User Hierarchy
---------------------------------------------------------------------------------
---------------------------------------------------------------------------------
Finished Rebuilding User Hierarchy : Time (s): cpu = 00:00:31 ; elapsed = 00:00:32 . Memory (MB): peak = 1591.191 ; gain = 1010.020
---------------------------------------------------------------------------------
---------------------------------------------------------------------------------
Start Renaming Generated Ports
---------------------------------------------------------------------------------
---------------------------------------------------------------------------------
Finished Renaming Generated Ports : Time (s): cpu = 00:00:31 ; elapsed = 00:00:32 . Memory (MB): peak = 1591.191 ; gain = 1010.020
---------------------------------------------------------------------------------
---------------------------------------------------------------------------------
Start Handling Custom Attributes
---------------------------------------------------------------------------------
---------------------------------------------------------------------------------
Finished Handling Custom Attributes : Time (s): cpu = 00:00:31 ; elapsed = 00:00:32 . Memory (MB): peak = 1591.191 ; gain = 1010.020
---------------------------------------------------------------------------------
---------------------------------------------------------------------------------
Start Renaming Generated Nets
---------------------------------------------------------------------------------
---------------------------------------------------------------------------------
Finished Renaming Generated Nets : Time (s): cpu = 00:00:31 ; elapsed = 00:00:32 . Memory (MB): peak = 1591.191 ; gain = 1010.020
---------------------------------------------------------------------------------
---------------------------------------------------------------------------------
Start Writing Synthesis Report
---------------------------------------------------------------------------------

Report BlackBoxes: 
+-+--------------+----------+
| |BlackBox name |Instances |
+-+--------------+----------+
+-+--------------+----------+

Report Cell Usage: 
+------+---------+------+
|      |Cell     |Count |
+------+---------+------+
|1     |BUFG     |     1|
|2     |CARRY4   |     4|
|3     |LUT2     |    14|
|4     |LUT3     |     5|
|5     |LUT4     |    13|
|6     |LUT5     |    24|
|7     |LUT6     |    42|
|8     |RAM32X1S |     8|
|9     |FDRE     |    26|
|10    |IBUF     |     6|
|11    |OBUF     |     4|
+------+---------+------+
---------------------------------------------------------------------------------
Finished Writing Synthesis Report : Time (s): cpu = 00:00:31 ; elapsed = 00:00:32 . Memory (MB): peak = 1591.191 ; gain = 1010.020
---------------------------------------------------------------------------------
Synthesis finished with 0 errors, 0 critical warnings and 6 warnings.
Synthesis Optimization Runtime : Time (s): cpu = 00:00:20 ; elapsed = 00:00:30 . Memory (MB): peak = 1591.191 ; gain = 930.852
Synthesis Optimization Complete : Time (s): cpu = 00:00:31 ; elapsed = 00:00:32 . Memory (MB): peak = 1591.191 ; gain = 1010.020
INFO: [Project 1-571] Translating synthesized netlist
Netlist sorting complete. Time (s): cpu = 00:00:00 ; elapsed = 00:00:00.001 . Memory (MB): peak = 1591.191 ; gain = 0.000
INFO: [Netlist 29-17] Analyzing 12 Unisim elements for replacement
INFO: [Netlist 29-28] Unisim Transformation completed in 0 CPU seconds
INFO: [Project 1-570] Preparing netlist for logic optimization
Parsing XDC File [C:/Users/Matheus/Documents/Faculdade/Sistemas digitais para computadores/Risc/Zybo_Constraints.xdc]
Finished Parsing XDC File [C:/Users/Matheus/Documents/Faculdade/Sistemas digitais para computadores/Risc/Zybo_Constraints.xdc]
INFO: [Opt 31-138] Pushed 0 inverter(s) to 0 load pin(s).
Netlist sorting complete. Time (s): cpu = 00:00:00 ; elapsed = 00:00:00 . Memory (MB): peak = 1591.191 ; gain = 0.000
INFO: [Project 1-111] Unisim Transformation Summary:
  A total of 8 instances were transformed.
  RAM32X1S => RAM32X1S (RAMS32): 8 instances

Synth Design complete | Checksum: 31a48221
INFO: [Common 17-83] Releasing license: Synthesis
38 Infos, 6 Warnings, 0 Critical Warnings and 0 Errors encountered.
synth_design completed successfully
synth_design: Time (s): cpu = 00:00:36 ; elapsed = 00:00:40 . Memory (MB): peak = 1591.191 ; gain = 1224.238
# opt_design
Command: opt_design
Attempting to get a license for feature 'Implementation' and/or device 'xc7z010'
INFO: [Common 17-349] Got license for feature 'Implementation' and/or device 'xc7z010'
Running DRC as a precondition to command opt_design

Starting DRC Task
INFO: [DRC 23-27] Running DRC with 2 threads
INFO: [Project 1-461] DRC finished with 0 Errors
INFO: [Project 1-462] Please refer to the DRC report (report_drc) for more information.

Time (s): cpu = 00:00:02 ; elapsed = 00:00:01 . Memory (MB): peak = 1591.191 ; gain = 0.000

Starting Cache Timing Information Task
INFO: [Timing 38-35] Done setting XDC timing constraints.
Ending Cache Timing Information Task | Checksum: 166588433

Time (s): cpu = 00:00:07 ; elapsed = 00:00:07 . Memory (MB): peak = 1845.000 ; gain = 253.809

Starting Logic Optimization Task

Phase 1 Initialization

Phase 1.1 Core Generation And Design Setup
Phase 1.1 Core Generation And Design Setup | Checksum: 166588433

Time (s): cpu = 00:00:00 ; elapsed = 00:00:00.001 . Memory (MB): peak = 2220.129 ; gain = 0.000

Phase 1.2 Setup Constraints And Sort Netlist
Phase 1.2 Setup Constraints And Sort Netlist | Checksum: 166588433

Time (s): cpu = 00:00:00 ; elapsed = 00:00:00.002 . Memory (MB): peak = 2220.129 ; gain = 0.000
Phase 1 Initialization | Checksum: 166588433

Time (s): cpu = 00:00:00 ; elapsed = 00:00:00.003 . Memory (MB): peak = 2220.129 ; gain = 0.000

Phase 2 Timer Update And Timing Data Collection

Phase 2.1 Timer Update
Phase 2.1 Timer Update | Checksum: 166588433

Time (s): cpu = 00:00:00 ; elapsed = 00:00:00.013 . Memory (MB): peak = 2220.129 ; gain = 0.000

Phase 2.2 Timing Data Collection
Phase 2.2 Timing Data Collection | Checksum: 166588433

Time (s): cpu = 00:00:00 ; elapsed = 00:00:00.021 . Memory (MB): peak = 2220.129 ; gain = 0.000
Phase 2 Timer Update And Timing Data Collection | Checksum: 166588433

Time (s): cpu = 00:00:00 ; elapsed = 00:00:00.022 . Memory (MB): peak = 2220.129 ; gain = 0.000

Phase 3 Retarget
INFO: [Opt 31-1851] Number of loadless carry chains removed were: 0
INFO: [Opt 31-1834] Total Chains To Be Transformed Were: 0 AND Number of Transformed insts Created are: 0
INFO: [Opt 31-138] Pushed 0 inverter(s) to 0 load pin(s).
INFO: [Opt 31-49] Retargeted 0 cell(s).
Phase 3 Retarget | Checksum: 166588433

Time (s): cpu = 00:00:00 ; elapsed = 00:00:00.029 . Memory (MB): peak = 2220.129 ; gain = 0.000
Retarget | Checksum: 166588433
INFO: [Opt 31-389] Phase Retarget created 0 cells and removed 0 cells

Phase 4 Constant propagation
INFO: [Opt 31-138] Pushed 0 inverter(s) to 0 load pin(s).
Phase 4 Constant propagation | Checksum: 166588433

Time (s): cpu = 00:00:00 ; elapsed = 00:00:00.031 . Memory (MB): peak = 2220.129 ; gain = 0.000
Constant propagation | Checksum: 166588433
INFO: [Opt 31-389] Phase Constant propagation created 0 cells and removed 0 cells

Phase 5 Sweep
INFO: [Constraints 18-11670] Building netlist checker database with flags, 0x8
Done building netlist checker database: Time (s): cpu = 00:00:00 ; elapsed = 00:00:00 . Memory (MB): peak = 2220.129 ; gain = 0.000
Phase 5 Sweep | Checksum: 22cbb8941

Time (s): cpu = 00:00:00 ; elapsed = 00:00:00.034 . Memory (MB): peak = 2220.129 ; gain = 0.000
Sweep | Checksum: 22cbb8941
INFO: [Opt 31-389] Phase Sweep created 0 cells and removed 0 cells

Phase 6 BUFG optimization
Phase 6 BUFG optimization | Checksum: 22cbb8941

Time (s): cpu = 00:00:00 ; elapsed = 00:00:00.081 . Memory (MB): peak = 2220.129 ; gain = 0.000
BUFG optimization | Checksum: 22cbb8941
INFO: [Opt 31-662] Phase BUFG optimization created 0 cells of which 0 are BUFGs and removed 0 cells.

Phase 7 Shift Register Optimization
INFO: [Opt 31-1064] SRL Remap converted 0 SRLs to 0 registers and converted 0 registers of register chains to 0 SRLs
Phase 7 Shift Register Optimization | Checksum: 22cbb8941

Time (s): cpu = 00:00:00 ; elapsed = 00:00:00.083 . Memory (MB): peak = 2220.129 ; gain = 0.000
Shift Register Optimization | Checksum: 22cbb8941
INFO: [Opt 31-389] Phase Shift Register Optimization created 0 cells and removed 0 cells

Phase 8 Post Processing Netlist
Phase 8 Post Processing Netlist | Checksum: 22cbb8941

Time (s): cpu = 00:00:00 ; elapsed = 00:00:00.084 . Memory (MB): peak = 2220.129 ; gain = 0.000
Post Processing Netlist | Checksum: 22cbb8941
INFO: [Opt 31-389] Phase Post Processing Netlist created 0 cells and removed 0 cells

Phase 9 Finalization

Phase 9.1 Finalizing Design Cores and Updating Shapes
Phase 9.1 Finalizing Design Cores and Updating Shapes | Checksum: 188206486

Time (s): cpu = 00:00:00 ; elapsed = 00:00:00.088 . Memory (MB): peak = 2220.129 ; gain = 0.000

Phase 9.2 Verifying Netlist Connectivity

Starting Connectivity Check Task

Time (s): cpu = 00:00:00 ; elapsed = 00:00:00.017 . Memory (MB): peak = 2220.129 ; gain = 0.000
Phase 9.2 Verifying Netlist Connectivity | Checksum: 188206486

Time (s): cpu = 00:00:00 ; elapsed = 00:00:00.105 . Memory (MB): peak = 2220.129 ; gain = 0.000
Phase 9 Finalization | Checksum: 188206486

Time (s): cpu = 00:00:00 ; elapsed = 00:00:00.106 . Memory (MB): peak = 2220.129 ; gain = 0.000
Opt_design Change Summary
=========================


-------------------------------------------------------------------------------------------------------------------------
|  Phase                        |  #Cells created  |  #Cells Removed  |  #Constrained objects preventing optimizations  |
-------------------------------------------------------------------------------------------------------------------------
|  Retarget                     |               0  |               0  |                                              0  |
|  Constant propagation         |               0  |               0  |                                              0  |
|  Sweep                        |               0  |               0  |                                              0  |
|  BUFG optimization            |               0  |               0  |                                              0  |
|  Shift Register Optimization  |               0  |               0  |                                              0  |
|  Post Processing Netlist      |               0  |               0  |                                              0  |
-------------------------------------------------------------------------------------------------------------------------


Ending Logic Optimization Task | Checksum: 188206486

Time (s): cpu = 00:00:00 ; elapsed = 00:00:00.108 . Memory (MB): peak = 2220.129 ; gain = 0.000

Starting Power Optimization Task
INFO: [Pwropt 34-132] Skipping clock gating for clocks with a period < 2.00 ns.
Ending Power Optimization Task | Checksum: 188206486

Time (s): cpu = 00:00:00 ; elapsed = 00:00:00.012 . Memory (MB): peak = 2220.129 ; gain = 0.000

Starting Final Cleanup Task
Ending Final Cleanup Task | Checksum: 188206486

Time (s): cpu = 00:00:00 ; elapsed = 00:00:00.001 . Memory (MB): peak = 2220.129 ; gain = 0.000

Starting Netlist Obfuscation Task
Netlist sorting complete. Time (s): cpu = 00:00:00 ; elapsed = 00:00:00.001 . Memory (MB): peak = 2220.129 ; gain = 0.000
Ending Netlist Obfuscation Task | Checksum: 188206486

Time (s): cpu = 00:00:00 ; elapsed = 00:00:00.001 . Memory (MB): peak = 2220.129 ; gain = 0.000
INFO: [Common 17-83] Releasing license: Implementation
20 Infos, 0 Warnings, 0 Critical Warnings and 0 Errors encountered.
opt_design completed successfully
opt_design: Time (s): cpu = 00:00:13 ; elapsed = 00:00:12 . Memory (MB): peak = 2220.129 ; gain = 628.938
# place_design
Command: place_design
Attempting to get a license for feature 'Implementation' and/or device 'xc7z010'
INFO: [Common 17-349] Got license for feature 'Implementation' and/or device 'xc7z010'
INFO: [Common 17-83] Releasing license: Implementation
INFO: [DRC 23-27] Running DRC with 2 threads
INFO: [Vivado_Tcl 4-198] DRC finished with 0 Errors
INFO: [Vivado_Tcl 4-199] Please refer to the DRC report (report_drc) for more information.
Running DRC as a precondition to command place_design
INFO: [DRC 23-27] Running DRC with 2 threads
INFO: [Vivado_Tcl 4-198] DRC finished with 0 Errors
INFO: [Vivado_Tcl 4-199] Please refer to the DRC report (report_drc) for more information.
INFO: [Place 30-611] Multithreading enabled for place_design using a maximum of 2 CPUs

Starting Placer Task

Phase 1 Placer Initialization

Phase 1.1 Placer Initialization Netlist Sorting
Netlist sorting complete. Time (s): cpu = 00:00:00 ; elapsed = 00:00:00 . Memory (MB): peak = 2220.129 ; gain = 0.000
Phase 1.1 Placer Initialization Netlist Sorting | Checksum: 163a5b9a0

Time (s): cpu = 00:00:00 ; elapsed = 00:00:00.002 . Memory (MB): peak = 2220.129 ; gain = 0.000
Netlist sorting complete. Time (s): cpu = 00:00:00 ; elapsed = 00:00:00 . Memory (MB): peak = 2220.129 ; gain = 0.000

Phase 1.2 IO Placement/ Clock Placement/ Build Placer Device
INFO: [Timing 38-35] Done setting XDC timing constraints.
Phase 1.2 IO Placement/ Clock Placement/ Build Placer Device | Checksum: 164554f61

Time (s): cpu = 00:00:00 ; elapsed = 00:00:00.117 . Memory (MB): peak = 2220.129 ; gain = 0.000

Phase 1.3 Build Placer Netlist Model
Phase 1.3 Build Placer Netlist Model | Checksum: 1d79e913b

Time (s): cpu = 00:00:00 ; elapsed = 00:00:00.226 . Memory (MB): peak = 2220.129 ; gain = 0.000

Phase 1.4 Constrain Clocks/Macros
Phase 1.4 Constrain Clocks/Macros | Checksum: 1d79e913b

Time (s): cpu = 00:00:00 ; elapsed = 00:00:00.227 . Memory (MB): peak = 2220.129 ; gain = 0.000
Phase 1 Placer Initialization | Checksum: 1d79e913b

Time (s): cpu = 00:00:00 ; elapsed = 00:00:00.230 . Memory (MB): peak = 2220.129 ; gain = 0.000

Phase 2 Global Placement

Phase 2.1 Floorplanning
Phase 2.1 Floorplanning | Checksum: 2249a32cf

Time (s): cpu = 00:00:00 ; elapsed = 00:00:00.336 . Memory (MB): peak = 2220.129 ; gain = 0.000

Phase 2.2 Update Timing before SLR Path Opt
Phase 2.2 Update Timing before SLR Path Opt | Checksum: 1652e07c8

Time (s): cpu = 00:00:00 ; elapsed = 00:00:00.396 . Memory (MB): peak = 2220.129 ; gain = 0.000

Phase 2.3 Post-Processing in Floorplanning
Phase 2.3 Post-Processing in Floorplanning | Checksum: 1652e07c8

Time (s): cpu = 00:00:00 ; elapsed = 00:00:00.397 . Memory (MB): peak = 2220.129 ; gain = 0.000

Phase 2.4 Global Place Phase1
Phase 2.4 Global Place Phase1 | Checksum: 1ce3fe6e0

Time (s): cpu = 00:00:04 ; elapsed = 00:00:03 . Memory (MB): peak = 2220.129 ; gain = 0.000

Phase 2.5 Global Place Phase2

Phase 2.5.1 UpdateTiming Before Physical Synthesis
Phase 2.5.1 UpdateTiming Before Physical Synthesis | Checksum: 1d86cddfd

Time (s): cpu = 00:00:04 ; elapsed = 00:00:03 . Memory (MB): peak = 2220.129 ; gain = 0.000

Phase 2.5.2 Physical Synthesis In Placer
INFO: [Physopt 32-1035] Found 11 LUTNM shape to break, 2 LUT instances to create LUTNM shape
INFO: [Physopt 32-1044] Break lutnm for timing: one critical 5, two critical 6, total 11, new lutff created 0
INFO: [Physopt 32-1138] End 1 Pass. Optimized 11 nets or LUTs. Breaked 11 LUTs, combined 0 existing LUT and moved 0 existing LUT
INFO: [Physopt 32-65] No nets found for high-fanout optimization.
INFO: [Physopt 32-232] Optimized 0 net. Created 0 new instance.
INFO: [Physopt 32-775] End 1 Pass. Optimized 0 net or cell. Created 0 new cell, deleted 0 existing cell and moved 0 existing cell
INFO: [Physopt 32-456] No candidate cells for DSP register optimization found in the design.
INFO: [Physopt 32-775] End 2 Pass. Optimized 0 net or cell. Created 0 new cell, deleted 0 existing cell and moved 0 existing cell
INFO: [Physopt 32-1123] No candidate cells found for Shift Register to Pipeline optimization
INFO: [Physopt 32-775] End 2 Pass. Optimized 0 net or cell. Created 0 new cell, deleted 0 existing cell and moved 0 existing cell
INFO: [Physopt 32-1401] No candidate cells found for Shift Register optimization.
INFO: [Physopt 32-677] No candidate cells for Shift Register optimization found in the design
INFO: [Physopt 32-775] End 1 Pass. Optimized 0 net or cell. Created 0 new cell, deleted 0 existing cell and moved 0 existing cell
INFO: [Physopt 32-526] No candidate cells for BRAM register optimization found in the design
INFO: [Physopt 32-775] End 1 Pass. Optimized 0 net or cell. Created 0 new cell, deleted 0 existing cell and moved 0 existing cell
INFO: [Physopt 32-846] No candidate cells for URAM register optimization found in the design
INFO: [Physopt 32-775] End 1 Pass. Optimized 0 net or cell. Created 0 new cell, deleted 0 existing cell and moved 0 existing cell
INFO: [Physopt 32-846] No candidate cells for URAM register optimization found in the design
INFO: [Physopt 32-775] End 1 Pass. Optimized 0 net or cell. Created 0 new cell, deleted 0 existing cell and moved 0 existing cell
INFO: [Physopt 32-949] No candidate nets found for dynamic/static region interface net replication
INFO: [Physopt 32-775] End 1 Pass. Optimized 0 net or cell. Created 0 new cell, deleted 0 existing cell and moved 0 existing cell
Netlist sorting complete. Time (s): cpu = 00:00:00 ; elapsed = 00:00:00.001 . Memory (MB): peak = 2220.129 ; gain = 0.000

Summary of Physical Synthesis Optimizations
============================================


-----------------------------------------------------------------------------------------------------------------------------------------------------------
|  Optimization                                     |  Added Cells  |  Removed Cells  |  Optimized Cells/Nets  |  Dont Touch  |  Iterations  |  Elapsed   |
-----------------------------------------------------------------------------------------------------------------------------------------------------------
|  LUT Combining                                    |           11  |              0  |                    11  |           0  |           1  |  00:00:00  |
|  Retime                                           |            0  |              0  |                     0  |           0  |           1  |  00:00:00  |
|  Very High Fanout                                 |            0  |              0  |                     0  |           0  |           1  |  00:00:00  |
|  DSP Register                                     |            0  |              0  |                     0  |           0  |           1  |  00:00:00  |
|  Shift Register to Pipeline                       |            0  |              0  |                     0  |           0  |           1  |  00:00:00  |
|  Shift Register                                   |            0  |              0  |                     0  |           0  |           1  |  00:00:00  |
|  BRAM Register                                    |            0  |              0  |                     0  |           0  |           1  |  00:00:00  |
|  URAM Register                                    |            0  |              0  |                     0  |           0  |           1  |  00:00:00  |
|  Dynamic/Static Region Interface Net Replication  |            0  |              0  |                     0  |           0  |           1  |  00:00:00  |
|  Total                                            |           11  |              0  |                    11  |           0  |           9  |  00:00:00  |
-----------------------------------------------------------------------------------------------------------------------------------------------------------


Phase 2.5.2 Physical Synthesis In Placer | Checksum: 191e3f3aa

Time (s): cpu = 00:00:04 ; elapsed = 00:00:03 . Memory (MB): peak = 2220.129 ; gain = 0.000
Phase 2.5 Global Place Phase2 | Checksum: 1fb59be10

Time (s): cpu = 00:00:04 ; elapsed = 00:00:03 . Memory (MB): peak = 2220.129 ; gain = 0.000
Phase 2 Global Placement | Checksum: 1fb59be10

Time (s): cpu = 00:00:04 ; elapsed = 00:00:03 . Memory (MB): peak = 2220.129 ; gain = 0.000

Phase 3 Detail Placement

Phase 3.1 Commit Multi Column Macros
Phase 3.1 Commit Multi Column Macros | Checksum: 1ab3f41b4

Time (s): cpu = 00:00:04 ; elapsed = 00:00:03 . Memory (MB): peak = 2220.129 ; gain = 0.000

Phase 3.2 Commit Most Macros & LUTRAMs
Phase 3.2 Commit Most Macros & LUTRAMs | Checksum: 25a260049

Time (s): cpu = 00:00:04 ; elapsed = 00:00:03 . Memory (MB): peak = 2220.129 ; gain = 0.000

Phase 3.3 Area Swap Optimization
Phase 3.3 Area Swap Optimization | Checksum: 1937e9efa

Time (s): cpu = 00:00:04 ; elapsed = 00:00:03 . Memory (MB): peak = 2220.129 ; gain = 0.000

Phase 3.4 Pipeline Register Optimization
Phase 3.4 Pipeline Register Optimization | Checksum: 20474bc91

Time (s): cpu = 00:00:04 ; elapsed = 00:00:03 . Memory (MB): peak = 2220.129 ; gain = 0.000

Phase 3.5 Fast Optimization
Phase 3.5 Fast Optimization | Checksum: 21f0dc6ba

Time (s): cpu = 00:00:05 ; elapsed = 00:00:05 . Memory (MB): peak = 2220.129 ; gain = 0.000

Phase 3.6 Small Shape Detail Placement
Phase 3.6 Small Shape Detail Placement | Checksum: 1a7483405

Time (s): cpu = 00:00:06 ; elapsed = 00:00:05 . Memory (MB): peak = 2220.129 ; gain = 0.000

Phase 3.7 Re-assign LUT pins
Phase 3.7 Re-assign LUT pins | Checksum: 1ba8ef328

Time (s): cpu = 00:00:06 ; elapsed = 00:00:05 . Memory (MB): peak = 2220.129 ; gain = 0.000

Phase 3.8 Pipeline Register Optimization
Phase 3.8 Pipeline Register Optimization | Checksum: 1f9990a8f

Time (s): cpu = 00:00:06 ; elapsed = 00:00:05 . Memory (MB): peak = 2220.129 ; gain = 0.000

Phase 3.9 Fast Optimization
Phase 3.9 Fast Optimization | Checksum: 1fbc4cb30

Time (s): cpu = 00:00:07 ; elapsed = 00:00:07 . Memory (MB): peak = 2220.129 ; gain = 0.000
Phase 3 Detail Placement | Checksum: 1fbc4cb30

Time (s): cpu = 00:00:07 ; elapsed = 00:00:07 . Memory (MB): peak = 2220.129 ; gain = 0.000

Phase 4 Post Placement Optimization and Clean-Up

Phase 4.1 Post Commit Optimization
INFO: [Timing 38-35] Done setting XDC timing constraints.

Phase 4.1.1 Post Placement Optimization
Post Placement Optimization Initialization | Checksum: 1c3b88fc8

Phase 4.1.1.1 BUFG Insertion

Starting Physical Synthesis Task

Phase 1 Physical Synthesis Initialization
INFO: [Physopt 32-721] Multithreading enabled for phys_opt_design using a maximum of 2 CPUs
INFO: [Physopt 32-619] Estimated Timing Summary | WNS=-8.020 | TNS=-56.143 |
Phase 1 Physical Synthesis Initialization | Checksum: 125fc8e66

Time (s): cpu = 00:00:00 ; elapsed = 00:00:00.011 . Memory (MB): peak = 2220.129 ; gain = 0.000
INFO: [Place 46-56] BUFG insertion identified 0 candidate nets. Inserted BUFG: 0, Replicated BUFG Driver: 0, Skipped due to Placement/Routing Conflicts: 0, Skipped due to Timing Degradation: 0, Skipped due to netlist editing failed: 0.
Ending Physical Synthesis Task | Checksum: 1c9687802

Time (s): cpu = 00:00:00 ; elapsed = 00:00:00.013 . Memory (MB): peak = 2220.129 ; gain = 0.000
Phase 4.1.1.1 BUFG Insertion | Checksum: 1c3b88fc8

Time (s): cpu = 00:00:07 ; elapsed = 00:00:07 . Memory (MB): peak = 2220.129 ; gain = 0.000

Phase 4.1.1.2 Post Placement Timing Optimization
INFO: [Place 30-746] Post Placement Timing Summary WNS=-6.469. For the most accurate timing information please run report_timing.
Phase 4.1.1.2 Post Placement Timing Optimization | Checksum: 24db2a4cd

Time (s): cpu = 00:00:14 ; elapsed = 00:00:15 . Memory (MB): peak = 2220.129 ; gain = 0.000

Time (s): cpu = 00:00:14 ; elapsed = 00:00:15 . Memory (MB): peak = 2220.129 ; gain = 0.000
Phase 4.1 Post Commit Optimization | Checksum: 24db2a4cd

Time (s): cpu = 00:00:14 ; elapsed = 00:00:15 . Memory (MB): peak = 2220.129 ; gain = 0.000

Phase 4.2 Post Placement Cleanup
Phase 4.2 Post Placement Cleanup | Checksum: 24db2a4cd

Time (s): cpu = 00:00:14 ; elapsed = 00:00:15 . Memory (MB): peak = 2220.129 ; gain = 0.000

Phase 4.3 Placer Reporting

Phase 4.3.1 Print Estimated Congestion
INFO: [Place 30-612] Post-Placement Estimated Congestion 
 ____________________________________________________
|           | Global Congestion | Short Congestion  |
| Direction | Region Size       | Region Size       |
|___________|___________________|___________________|
|      North|                1x1|                1x1|
|___________|___________________|___________________|
|      South|                1x1|                1x1|
|___________|___________________|___________________|
|       East|                1x1|                1x1|
|___________|___________________|___________________|
|       West|                1x1|                1x1|
|___________|___________________|___________________|

Phase 4.3.1 Print Estimated Congestion | Checksum: 24db2a4cd

Time (s): cpu = 00:00:14 ; elapsed = 00:00:15 . Memory (MB): peak = 2220.129 ; gain = 0.000
Phase 4.3 Placer Reporting | Checksum: 24db2a4cd

Time (s): cpu = 00:00:14 ; elapsed = 00:00:15 . Memory (MB): peak = 2220.129 ; gain = 0.000

Phase 4.4 Final Placement Cleanup
Netlist sorting complete. Time (s): cpu = 00:00:00 ; elapsed = 00:00:00 . Memory (MB): peak = 2220.129 ; gain = 0.000

Time (s): cpu = 00:00:14 ; elapsed = 00:00:15 . Memory (MB): peak = 2220.129 ; gain = 0.000
Phase 4 Post Placement Optimization and Clean-Up | Checksum: 200957e96

Time (s): cpu = 00:00:14 ; elapsed = 00:00:15 . Memory (MB): peak = 2220.129 ; gain = 0.000
Ending Placer Task | Checksum: 1b0510f9e

Time (s): cpu = 00:00:14 ; elapsed = 00:00:15 . Memory (MB): peak = 2220.129 ; gain = 0.000
37 Infos, 0 Warnings, 0 Critical Warnings and 0 Errors encountered.
place_design completed successfully
place_design: Time (s): cpu = 00:00:18 ; elapsed = 00:00:17 . Memory (MB): peak = 2220.129 ; gain = 0.000
# route_design
Command: route_design
Attempting to get a license for feature 'Implementation' and/or device 'xc7z010'
INFO: [Common 17-349] Got license for feature 'Implementation' and/or device 'xc7z010'


Starting Routing Task
INFO: [Route 35-254] Multithreading enabled for route_design using a maximum of 2 CPUs

Phase 1 Build RT Design
Checksum: PlaceDB: b11ebdd6 ConstDB: 0 ShapeSum: 9599fa9d RouteDB: 6998572b
Post Restoration Checksum: NetGraph: b40606f | NumContArr: 1a7bc07b | Constraints: c2a8fa9d | Timing: c2a8fa9d
Phase 1 Build RT Design | Checksum: 1ab0e1624

Time (s): cpu = 00:00:13 ; elapsed = 00:00:12 . Memory (MB): peak = 2220.129 ; gain = 0.000

Phase 2 Router Initialization

Phase 2.1 Fix Topology Constraints
Phase 2.1 Fix Topology Constraints | Checksum: 1ab0e1624

Time (s): cpu = 00:00:13 ; elapsed = 00:00:12 . Memory (MB): peak = 2220.129 ; gain = 0.000

Phase 2.2 Pre Route Cleanup
Phase 2.2 Pre Route Cleanup | Checksum: 1ab0e1624

Time (s): cpu = 00:00:13 ; elapsed = 00:00:12 . Memory (MB): peak = 2220.129 ; gain = 0.000
 Number of Nodes with overlaps = 0

Phase 2.3 Update Timing
Phase 2.3 Update Timing | Checksum: 2ffa15774

Time (s): cpu = 00:00:13 ; elapsed = 00:00:13 . Memory (MB): peak = 2220.129 ; gain = 0.000
INFO: [Route 35-416] Intermediate Timing Summary | WNS=-6.325 | TNS=-163.111| WHS=-0.069 | THS=-0.533 |


Router Utilization Summary
  Global Vertical Routing Utilization    = 0 %
  Global Horizontal Routing Utilization  = 0 %
  Routable Net Status*
  *Does not include unroutable nets such as driverless and loadless.
  Run report_route_status for detailed report.
  Number of Failed Nets               = 134
    (Failed Nets is the sum of unrouted and partially routed nets)
  Number of Unrouted Nets             = 134
  Number of Partially Routed Nets     = 0
  Number of Node Overlaps             = 0

Phase 2 Router Initialization | Checksum: 2bf1f13b3

Time (s): cpu = 00:00:13 ; elapsed = 00:00:13 . Memory (MB): peak = 2220.129 ; gain = 0.000

Phase 3 Global Routing
Phase 3 Global Routing | Checksum: 2bf1f13b3

Time (s): cpu = 00:00:13 ; elapsed = 00:00:13 . Memory (MB): peak = 2220.129 ; gain = 0.000

Phase 4 Initial Routing

Phase 4.1 Initial Net Routing Pass
Phase 4.1 Initial Net Routing Pass | Checksum: 220dbefc0

Time (s): cpu = 00:00:13 ; elapsed = 00:00:13 . Memory (MB): peak = 2220.129 ; gain = 0.000
Phase 4 Initial Routing | Checksum: 220dbefc0

Time (s): cpu = 00:00:13 ; elapsed = 00:00:13 . Memory (MB): peak = 2220.129 ; gain = 0.000
INFO: [Route 35-580] Design has 6 pins with tight setup and hold constraints.

The top 5 pins with tight setup and hold constraints:

+====================+===================+==================================+
| Launch Setup Clock | Launch Hold Clock | Pin                              |
+====================+===================+==================================+
| sys_clk_pin        | sys_clk_pin       | cpu/mem/ram_reg_0_31_0_0/SP/ADR1 |
| sys_clk_pin        | sys_clk_pin       | cpu/mem/ram_reg_0_31_1_1/SP/ADR1 |
| sys_clk_pin        | sys_clk_pin       | cpu/mem/ram_reg_0_31_2_2/SP/ADR1 |
| sys_clk_pin        | sys_clk_pin       | cpu/mem/ram_reg_0_31_3_3/SP/ADR1 |
| sys_clk_pin        | sys_clk_pin       | cpu/ac/ac_out_reg[7]/D           |
+--------------------+-------------------+----------------------------------+

File with complete list of pins: tight_setup_hold_pins.txt


Phase 5 Rip-up And Reroute

Phase 5.1 Global Iteration 0
 Number of Nodes with overlaps = 81
 Number of Nodes with overlaps = 29
 Number of Nodes with overlaps = 14
 Number of Nodes with overlaps = 2
 Number of Nodes with overlaps = 1
 Number of Nodes with overlaps = 1
 Number of Nodes with overlaps = 0
INFO: [Route 35-416] Intermediate Timing Summary | WNS=-6.595 | TNS=-173.421| WHS=N/A    | THS=N/A    |

Phase 5.1 Global Iteration 0 | Checksum: 226f49989

Time (s): cpu = 00:00:14 ; elapsed = 00:00:13 . Memory (MB): peak = 2220.129 ; gain = 0.000

Phase 5.2 Global Iteration 1
 Number of Nodes with overlaps = 30
 Number of Nodes with overlaps = 15
 Number of Nodes with overlaps = 9
 Number of Nodes with overlaps = 6
 Number of Nodes with overlaps = 6
 Number of Nodes with overlaps = 6
 Number of Nodes with overlaps = 5
 Number of Nodes with overlaps = 4
 Number of Nodes with overlaps = 5
 Number of Nodes with overlaps = 5
 Number of Nodes with overlaps = 1
 Number of Nodes with overlaps = 1
 Number of Nodes with overlaps = 0
INFO: [Route 35-416] Intermediate Timing Summary | WNS=-6.046 | TNS=-160.516| WHS=N/A    | THS=N/A    |

Phase 5.2 Global Iteration 1 | Checksum: 1c8b044f3

Time (s): cpu = 00:00:15 ; elapsed = 00:00:14 . Memory (MB): peak = 2220.129 ; gain = 0.000

Phase 5.3 Global Iteration 2
 Number of Nodes with overlaps = 22
 Number of Nodes with overlaps = 8
 Number of Nodes with overlaps = 6
 Number of Nodes with overlaps = 3
 Number of Nodes with overlaps = 2
 Number of Nodes with overlaps = 1
 Number of Nodes with overlaps = 1
 Number of Nodes with overlaps = 1
 Number of Nodes with overlaps = 0
INFO: [Route 35-416] Intermediate Timing Summary | WNS=-5.915 | TNS=-158.268| WHS=N/A    | THS=N/A    |

Phase 5.3 Global Iteration 2 | Checksum: 21e8d4f0c

Time (s): cpu = 00:00:15 ; elapsed = 00:00:15 . Memory (MB): peak = 2220.129 ; gain = 0.000

Phase 5.4 Global Iteration 3
 Number of Nodes with overlaps = 16
 Number of Nodes with overlaps = 6
 Number of Nodes with overlaps = 3
 Number of Nodes with overlaps = 3
 Number of Nodes with overlaps = 2
 Number of Nodes with overlaps = 1
 Number of Nodes with overlaps = 1
 Number of Nodes with overlaps = 1
 Number of Nodes with overlaps = 0
INFO: [Route 35-416] Intermediate Timing Summary | WNS=-5.823 | TNS=-156.474| WHS=N/A    | THS=N/A    |

Phase 5.4 Global Iteration 3 | Checksum: 1889c30de

Time (s): cpu = 00:00:16 ; elapsed = 00:00:15 . Memory (MB): peak = 2220.129 ; gain = 0.000
Phase 5 Rip-up And Reroute | Checksum: 1889c30de

Time (s): cpu = 00:00:16 ; elapsed = 00:00:15 . Memory (MB): peak = 2220.129 ; gain = 0.000

Phase 6 Delay and Skew Optimization

Phase 6.1 Delay CleanUp

Phase 6.1.1 Update Timing
Phase 6.1.1 Update Timing | Checksum: 1f6d4bcd2

Time (s): cpu = 00:00:16 ; elapsed = 00:00:15 . Memory (MB): peak = 2220.129 ; gain = 0.000
INFO: [Route 35-416] Intermediate Timing Summary | WNS=-5.708 | TNS=-151.658| WHS=N/A    | THS=N/A    |

 Number of Nodes with overlaps = 0
Phase 6.1 Delay CleanUp | Checksum: 2784c6a95

Time (s): cpu = 00:00:16 ; elapsed = 00:00:15 . Memory (MB): peak = 2220.129 ; gain = 0.000

Phase 6.2 Clock Skew Optimization
Phase 6.2 Clock Skew Optimization | Checksum: 2784c6a95

Time (s): cpu = 00:00:16 ; elapsed = 00:00:15 . Memory (MB): peak = 2220.129 ; gain = 0.000
Phase 6 Delay and Skew Optimization | Checksum: 2784c6a95

Time (s): cpu = 00:00:16 ; elapsed = 00:00:15 . Memory (MB): peak = 2220.129 ; gain = 0.000

Phase 7 Post Hold Fix

Phase 7.1 Hold Fix Iter
INFO: [Route 35-416] Intermediate Timing Summary | WNS=-5.694 | TNS=-151.212| WHS=0.063  | THS=0.000  |

Phase 7.1 Hold Fix Iter | Checksum: 266875b11

Time (s): cpu = 00:00:16 ; elapsed = 00:00:15 . Memory (MB): peak = 2220.129 ; gain = 0.000
Phase 7 Post Hold Fix | Checksum: 266875b11

Time (s): cpu = 00:00:16 ; elapsed = 00:00:15 . Memory (MB): peak = 2220.129 ; gain = 0.000

Phase 8 Route finalize

Router Utilization Summary
  Global Vertical Routing Utilization    = 0.107404 %
  Global Horizontal Routing Utilization  = 0.11489 %
  Routable Net Status*
  *Does not include unroutable nets such as driverless and loadless.
  Run report_route_status for detailed report.
  Number of Failed Nets               = 0
    (Failed Nets is the sum of unrouted and partially routed nets)
  Number of Unrouted Nets             = 0
  Number of Partially Routed Nets     = 0
  Number of Node Overlaps             = 0


--GLOBAL Congestion:
Utilization threshold used for congestion level computation: 0.85
Congestion Report
North Dir 1x1 Area, Max Cong = 21.6216%, No Congested Regions.
South Dir 1x1 Area, Max Cong = 25.2252%, No Congested Regions.
East Dir 1x1 Area, Max Cong = 33.8235%, No Congested Regions.
West Dir 1x1 Area, Max Cong = 25%, No Congested Regions.

------------------------------
Reporting congestion hotspots
------------------------------
Direction: North
----------------
Congested clusters found at Level 0
Effective congestion level: 0 Aspect Ratio: 1 Sparse Ratio: 0
Direction: South
----------------
Congested clusters found at Level 0
Effective congestion level: 0 Aspect Ratio: 1 Sparse Ratio: 0
Direction: East
----------------
Congested clusters found at Level 0
Effective congestion level: 0 Aspect Ratio: 1 Sparse Ratio: 0
Direction: West
----------------
Congested clusters found at Level 0
Effective congestion level: 0 Aspect Ratio: 1 Sparse Ratio: 0

Phase 8 Route finalize | Checksum: 266875b11

Time (s): cpu = 00:00:16 ; elapsed = 00:00:15 . Memory (MB): peak = 2220.129 ; gain = 0.000

Phase 9 Verifying routed nets

 Verification completed successfully
Phase 9 Verifying routed nets | Checksum: 266875b11

Time (s): cpu = 00:00:16 ; elapsed = 00:00:15 . Memory (MB): peak = 2220.129 ; gain = 0.000

Phase 10 Depositing Routes
Phase 10 Depositing Routes | Checksum: 22176eabe

Time (s): cpu = 00:00:16 ; elapsed = 00:00:15 . Memory (MB): peak = 2220.129 ; gain = 0.000

Phase 11 Post Process Routing
Phase 11 Post Process Routing | Checksum: 22176eabe

Time (s): cpu = 00:00:16 ; elapsed = 00:00:15 . Memory (MB): peak = 2220.129 ; gain = 0.000

Phase 12 Post Router Timing
INFO: [Route 35-57] Estimated Timing Summary | WNS=-5.694 | TNS=-151.212| WHS=0.063  | THS=0.000  |

WARNING: [Route 35-328] Router estimated timing not met.
Resolution: For a complete and accurate timing signoff, report_timing_summary must be run after route_design. Alternatively, route_design can be run with the -timing_summary option to enable a complete timing signoff at the end of route_design.
Phase 12 Post Router Timing | Checksum: 22176eabe

Time (s): cpu = 00:00:16 ; elapsed = 00:00:15 . Memory (MB): peak = 2220.129 ; gain = 0.000
Total Elapsed time in route_design: 15.222 secs

Phase 13 Post-Route Event Processing
Phase 13 Post-Route Event Processing | Checksum: 17de90e29

Time (s): cpu = 00:00:16 ; elapsed = 00:00:15 . Memory (MB): peak = 2220.129 ; gain = 0.000
INFO: [Route 35-16] Router Completed Successfully
Ending Routing Task | Checksum: 17de90e29

Time (s): cpu = 00:00:16 ; elapsed = 00:00:15 . Memory (MB): peak = 2220.129 ; gain = 0.000

Routing Is Done.
INFO: [Common 17-83] Releasing license: Implementation
13 Infos, 1 Warnings, 0 Critical Warnings and 0 Errors encountered.
route_design completed successfully
route_design: Time (s): cpu = 00:00:17 ; elapsed = 00:00:15 . Memory (MB): peak = 2220.129 ; gain = 0.000
# set bitstream_file [file join $script_dir top.bit]
# write_bitstream -force $bitstream_file
Command: write_bitstream -force {C:/Users/Matheus/Documents/Faculdade/Sistemas digitais para computadores/Risc/top.bit}
Attempting to get a license for feature 'Implementation' and/or device 'xc7z010'
INFO: [Common 17-349] Got license for feature 'Implementation' and/or device 'xc7z010'
Running DRC as a precondition to command write_bitstream
INFO: [IP_Flow 19-234] Refreshing IP repositories
INFO: [IP_Flow 19-1704] No user IP repositories specified
INFO: [IP_Flow 19-2313] Loaded Vivado IP repository 'C:/Xilinx/Vivado/2024.2/data/ip'.
INFO: [DRC 23-27] Running DRC with 2 threads
INFO: [Vivado 12-3199] DRC finished with 0 Errors
INFO: [Vivado 12-3200] Please refer to the DRC report (report_drc) for more information.
INFO: [Designutils 20-2272] Running write_bitstream with 2 threads.
Loading data files...
Loading site data...
Loading route data...
Processing options...
Creating bitmap...
Creating bitstream...
Writing bitstream C:/Users/Matheus/Documents/Faculdade/Sistemas digitais para computadores/Risc/top.bit...
INFO: [Vivado 12-1842] Bitgen Completed Successfully.
INFO: [Project 1-1876] WebTalk data collection is mandatory when using a ULT device. To see the specific WebTalk data collected for your design, open the usage_statistics_webtalk.html or usage_statistics_webtalk.xml file in the implementation directory.
INFO: [Common 17-83] Releasing license: Implementation
11 Infos, 0 Warnings, 0 Critical Warnings and 0 Errors encountered.
write_bitstream completed successfully
write_bitstream: Time (s): cpu = 00:00:14 ; elapsed = 00:00:11 . Memory (MB): peak = 2450.262 ; gain = 230.133
# puts "Bitstream gerado em: $bitstream_file"
Bitstream gerado em: C:/Users/Matheus/Documents/Faculdade/Sistemas digitais para computadores/Risc/top.bit
INFO: [Common 17-206] Exiting Vivado at Fri Jun 26 14:31:15 2026...
