#-----------------------------------------------------------
# Vivado v2024.2 (64-bit)
# SW Build 5239630 on Fri Nov 08 22:35:27 MST 2024
# IP Build 5239520 on Sun Nov 10 16:12:51 MST 2024
# SharedData Build 5239561 on Fri Nov 08 14:39:27 MST 2024
# Start of session at: Tue Jun 23 16:29:04 2026
# Process ID         : 22872
# Current directory  : C:/Users/Matheus/Documents/Faculdade/Sistemas digitais para computadores/Risc
# Command line       : vivado.exe -mode batch -source program.tcl
# Log file           : C:/Users/Matheus/Documents/Faculdade/Sistemas digitais para computadores/Risc/vivado.log
# Journal file       : C:/Users/Matheus/Documents/Faculdade/Sistemas digitais para computadores/Risc\vivado.jou
# Running On         : Suporte
# Platform           : Windows Server 2016 or Windows 10
# Operating System   : 26200
# Processor Detail   : Intel(R) Core(TM) i7-10510U CPU @ 1.80GHz
# CPU Frequency      : 2304 MHz
# CPU Physical cores : 4
# CPU Logical cores  : 8
# Host memory        : 16953 MB
# Swap memory        : 4704 MB
# Total Virtual      : 21658 MB
# Available Virtual  : 3562 MB
#-----------------------------------------------------------
source program.tcl
# set script_dir [file dirname [file normalize [info script]]]
# set bitstream_file [file join $script_dir top.bit]
# if {![file exists $bitstream_file]} {
#     error "Bitstream nao encontrado: $bitstream_file. Execute o build antes de programar."
# }
# open_hw_manager
# connect_hw_server
INFO: [Labtools 27-2285] Connecting to hw_server url TCP:localhost:3121
INFO: [Labtools 27-2222] Launching hw_server...
INFO: [Labtools 27-2221] Launch Output:

****** Xilinx hw_server v2024.2
  **** Build date : Oct 29 2024 at 10:25:41
    ** Copyright 1986-2022 Xilinx, Inc. All Rights Reserved.


INFO: [Labtools 27-3415] Connecting to cs_server url TCP:localhost:0
INFO: [Labtools 27-3417] Launching cs_server...
INFO: [Labtools 27-2221] Launch Output:


******** Xilinx cs_server v2024.2.0
  ****** Build date   : Oct 30 2024-15:19:07
    **** Build number : 2024.2.1730312347
      ** Copyright 2017-2022 Xilinx, Inc. All Rights Reserved.
      ** Copyright 2022-2026 Advanced Micro Devices, Inc. All Rights Reserved.



connect_hw_server: Time (s): cpu = 00:00:00 ; elapsed = 00:00:07 . Memory (MB): peak = 370.629 ; gain = 1.953
# set targets [get_hw_targets *]
# if {[llength $targets] == 0} {
#     close_hw_manager
#     error "Nenhum alvo JTAG encontrado. Verifique se a Zybo esta ligada, se o cabo USB/JTAG esta conectado e se os drivers Digilent/Xilinx estao instalados."
# }
# puts "Alvos JTAG encontrados: $targets"
Alvos JTAG encontrados: localhost:3121/xilinx_tcf/Digilent/210279778457A
# open_hw_target [lindex $targets 0]
INFO: [Labtoolstcl 44-466] Opening hw_target localhost:3121/xilinx_tcf/Digilent/210279778457A
# set devices [get_hw_devices]
# if {[llength $devices] == 0} {
#     close_hw_manager
#     error "Nenhum dispositivo FPGA encontrado no alvo JTAG."
# }
# set device [lindex [get_hw_devices xc7z010_1] 0]
# if {$device eq ""} {
#     set device [lindex $devices 0]
# }
# current_hw_device $device
# refresh_hw_device $device
INFO: [Labtools 27-1434] Device xc7z010 (JTAG device index = 1) is programmed with a design that has no supported debug core(s) in it.
# set_property PROGRAM.FILE $bitstream_file $device
# program_hw_devices $device
INFO: [Labtools 27-3164] End of startup status: HIGH
# puts "Placa programada com: $bitstream_file"
Placa programada com: C:/Users/Matheus/Documents/Faculdade/Sistemas digitais para computadores/Risc/top.bit
# close_hw_manager
INFO: [Common 17-206] Exiting Vivado at Tue Jun 23 16:29:22 2026...
