#-----------------------------------------------------------
# Vivado v2024.2 (64-bit)
# SW Build 5239630 on Fri Nov 08 22:35:27 MST 2024
# IP Build 5239520 on Sun Nov 10 16:12:51 MST 2024
# SharedData Build 5239561 on Fri Nov 08 14:39:27 MST 2024
# Start of session at: Tue Jun 23 16:36:43 2026
# Process ID         : 19932
# Current directory  : C:/Users/Matheus/Documents/Faculdade/Sistemas digitais para computadores/Risc
# Command line       : vivado.exe -mode batch -source build.tcl
# Log file           : C:/Users/Matheus/Documents/Faculdade/Sistemas digitais para computadores/Risc/vivado.log
# Journal file       : C:/Users/Matheus/Documents/Faculdade/Sistemas digitais para computadores/Risc\vivado.jou
# Running On         : Suporte
# Platform           : Windows Server 2016 or Windows 10
# Operating System   : 26200
# Processor Detail   : Intel(R) Core(TM) i7-10510U CPU @ 1.80GHz
# CPU Frequency      : 2304 MHz
# CPU Physical cores : 4
# CPU Logical cores  : 8
# Host memory        : 16953 MB
# Swap memory        : 4704 MB
# Total Virtual      : 21658 MB
# Available Virtual  : 3150 MB
#-----------------------------------------------------------
source build.tcl
# set script_dir [file dirname [file normalize [info script]]]
# set src_dir [file normalize [file join $script_dir componentes]]
# create_project -in_memory -part xc7z010clg400-1
# read_verilog [list [file join $src_dir top.v]]
# read_verilog [list [file join $src_dir cpu_top.v]]
# read_verilog [list [file join $src_dir counter_clk.v]]
# read_verilog [list [file join $src_dir controller_inst.v]]
# read_verilog [list [file join $src_dir counter_pc.v]]
# read_verilog [list [file join $src_dir address_mux.v]]
# read_verilog [list [file join $src_dir register_ir.v]]
# read_verilog [list [file join $src_dir alu_inst.v]]
# read_verilog [list [file join $src_dir register_ac.v]]
# read_verilog [list [file join $src_dir driver_inst.v]]
# read_verilog [list [file join $src_dir memory_inst.v]]
# read_xdc [list [file join $script_dir Zybo_Constraints.xdc]]
# synth_design -top top
Command: synth_design -top top
Starting synth_design
Using part: xc7z010clg400-1
Attempting to get a license for feature 'Synthesis' and/or device 'xc7z010'
INFO: [Common 17-349] Got license for feature 'Synthesis' and/or device 'xc7z010'
INFO: [Device 21-403] Loading part xc7z010clg400-1
INFO: [Synth 8-7079] Multithreading enabled for synth_design using a maximum of 2 processes.
INFO: [Synth 8-7078] Launching helper process for spawning children vivado processes
INFO: [Synth 8-7075] Helper process launched with PID 22400
---------------------------------------------------------------------------------
Starting RTL Elaboration : Time (s): cpu = 00:00:09 ; elapsed = 00:00:08 . Memory (MB): peak = 1049.418 ; gain = 468.527
---------------------------------------------------------------------------------
INFO: [Synth 8-6157] synthesizing module 'top' [C:/Users/Matheus/Documents/Faculdade/Sistemas digitais para computadores/Risc/componentes/top.v:14]
INFO: [Synth 8-6157] synthesizing module 'cpu_top' [C:/Users/Matheus/Documents/Faculdade/Sistemas digitais para computadores/Risc/componentes/cpu_top.v:2]
	Parameter DATA_WIDTH bound to: 16 - type: integer 
	Parameter ADDR_WIDTH bound to: 8 - type: integer 
	Parameter OPCODE_WIDTH bound to: 4 - type: integer 
INFO: [Synth 8-6157] synthesizing module 'counter_clk' [C:/Users/Matheus/Documents/Faculdade/Sistemas digitais para computadores/Risc/componentes/counter_clk.v:1]
INFO: [Synth 8-6155] done synthesizing module 'counter_clk' (0#1) [C:/Users/Matheus/Documents/Faculdade/Sistemas digitais para computadores/Risc/componentes/counter_clk.v:1]
INFO: [Synth 8-6157] synthesizing module 'controller_inst' [C:/Users/Matheus/Documents/Faculdade/Sistemas digitais para computadores/Risc/componentes/controller_inst.v:1]
INFO: [Synth 8-6155] done synthesizing module 'controller_inst' (0#1) [C:/Users/Matheus/Documents/Faculdade/Sistemas digitais para computadores/Risc/componentes/controller_inst.v:1]
INFO: [Synth 8-6157] synthesizing module 'counter_pc' [C:/Users/Matheus/Documents/Faculdade/Sistemas digitais para computadores/Risc/componentes/counter_pc.v:1]
	Parameter ADDR_WIDTH bound to: 8 - type: integer 
INFO: [Synth 8-6155] done synthesizing module 'counter_pc' (0#1) [C:/Users/Matheus/Documents/Faculdade/Sistemas digitais para computadores/Risc/componentes/counter_pc.v:1]
INFO: [Synth 8-6157] synthesizing module 'address_mux' [C:/Users/Matheus/Documents/Faculdade/Sistemas digitais para computadores/Risc/componentes/address_mux.v:1]
	Parameter ADDR_WIDTH bound to: 8 - type: integer 
INFO: [Synth 8-6155] done synthesizing module 'address_mux' (0#1) [C:/Users/Matheus/Documents/Faculdade/Sistemas digitais para computadores/Risc/componentes/address_mux.v:1]
INFO: [Synth 8-6157] synthesizing module 'register_ir' [C:/Users/Matheus/Documents/Faculdade/Sistemas digitais para computadores/Risc/componentes/register_ir.v:1]
	Parameter DATA_WIDTH bound to: 16 - type: integer 
	Parameter OPCODE_WIDTH bound to: 4 - type: integer 
	Parameter ADDR_WIDTH bound to: 8 - type: integer 
INFO: [Synth 8-6155] done synthesizing module 'register_ir' (0#1) [C:/Users/Matheus/Documents/Faculdade/Sistemas digitais para computadores/Risc/componentes/register_ir.v:1]
INFO: [Synth 8-6157] synthesizing module 'alu_inst' [C:/Users/Matheus/Documents/Faculdade/Sistemas digitais para computadores/Risc/componentes/alu_inst.v:1]
	Parameter DATA_WIDTH bound to: 16 - type: integer 
	Parameter OPCODE_WIDTH bound to: 4 - type: integer 
INFO: [Synth 8-6155] done synthesizing module 'alu_inst' (0#1) [C:/Users/Matheus/Documents/Faculdade/Sistemas digitais para computadores/Risc/componentes/alu_inst.v:1]
INFO: [Synth 8-6157] synthesizing module 'register_ac' [C:/Users/Matheus/Documents/Faculdade/Sistemas digitais para computadores/Risc/componentes/register_ac.v:1]
	Parameter DATA_WIDTH bound to: 16 - type: integer 
INFO: [Synth 8-6155] done synthesizing module 'register_ac' (0#1) [C:/Users/Matheus/Documents/Faculdade/Sistemas digitais para computadores/Risc/componentes/register_ac.v:1]
INFO: [Synth 8-6157] synthesizing module 'driver_inst' [C:/Users/Matheus/Documents/Faculdade/Sistemas digitais para computadores/Risc/componentes/driver_inst.v:5]
	Parameter DATA_WIDTH bound to: 16 - type: integer 
INFO: [Synth 8-6155] done synthesizing module 'driver_inst' (0#1) [C:/Users/Matheus/Documents/Faculdade/Sistemas digitais para computadores/Risc/componentes/driver_inst.v:5]
INFO: [Synth 8-6157] synthesizing module 'memory_inst' [C:/Users/Matheus/Documents/Faculdade/Sistemas digitais para computadores/Risc/componentes/memory_inst.v:5]
	Parameter ADDR_WIDTH bound to: 8 - type: integer 
	Parameter DATA_WIDTH bound to: 16 - type: integer 
INFO: [Synth 8-6155] done synthesizing module 'memory_inst' (0#1) [C:/Users/Matheus/Documents/Faculdade/Sistemas digitais para computadores/Risc/componentes/memory_inst.v:5]
INFO: [Synth 8-6155] done synthesizing module 'cpu_top' (0#1) [C:/Users/Matheus/Documents/Faculdade/Sistemas digitais para computadores/Risc/componentes/cpu_top.v:2]
INFO: [Synth 8-6155] done synthesizing module 'top' (0#1) [C:/Users/Matheus/Documents/Faculdade/Sistemas digitais para computadores/Risc/componentes/top.v:14]
---------------------------------------------------------------------------------
Finished RTL Elaboration : Time (s): cpu = 00:00:10 ; elapsed = 00:00:11 . Memory (MB): peak = 1154.695 ; gain = 573.805
---------------------------------------------------------------------------------
---------------------------------------------------------------------------------
Start Handling Custom Attributes
---------------------------------------------------------------------------------
---------------------------------------------------------------------------------
Finished Handling Custom Attributes : Time (s): cpu = 00:00:11 ; elapsed = 00:00:11 . Memory (MB): peak = 1154.695 ; gain = 573.805
---------------------------------------------------------------------------------
---------------------------------------------------------------------------------
Finished RTL Optimization Phase 1 : Time (s): cpu = 00:00:11 ; elapsed = 00:00:11 . Memory (MB): peak = 1154.695 ; gain = 573.805
---------------------------------------------------------------------------------
Netlist sorting complete. Time (s): cpu = 00:00:00 ; elapsed = 00:00:00.003 . Memory (MB): peak = 1154.695 ; gain = 0.000
INFO: [Project 1-570] Preparing netlist for logic optimization

Processing XDC Constraints
Initializing timing engine
Parsing XDC File [C:/Users/Matheus/Documents/Faculdade/Sistemas digitais para computadores/Risc/Zybo_Constraints.xdc]
Finished Parsing XDC File [C:/Users/Matheus/Documents/Faculdade/Sistemas digitais para computadores/Risc/Zybo_Constraints.xdc]
INFO: [Project 1-236] Implementation specific constraints were found while reading constraint file [C:/Users/Matheus/Documents/Faculdade/Sistemas digitais para computadores/Risc/Zybo_Constraints.xdc]. These constraints will be ignored for synthesis but will be used in implementation. Impacted constraints are listed in the file [.Xil/top_propImpl.xdc].
Resolution: To avoid this warning, move constraints listed in [.Xil/top_propImpl.xdc] to another XDC file and exclude this new file from synthesis with the used_in_synthesis property (File Properties dialog in GUI) and re-run elaboration/synthesis.
Completed Processing XDC Constraints

Netlist sorting complete. Time (s): cpu = 00:00:00 ; elapsed = 00:00:00 . Memory (MB): peak = 1225.465 ; gain = 0.000
INFO: [Project 1-111] Unisim Transformation Summary:
No Unisim elements were transformed.

Constraint Validation Runtime : Time (s): cpu = 00:00:00 ; elapsed = 00:00:00.004 . Memory (MB): peak = 1225.465 ; gain = 0.000
---------------------------------------------------------------------------------
Finished Constraint Validation : Time (s): cpu = 00:00:21 ; elapsed = 00:00:21 . Memory (MB): peak = 1225.465 ; gain = 644.574
---------------------------------------------------------------------------------
---------------------------------------------------------------------------------
Start Loading Part and Timing Information
---------------------------------------------------------------------------------
Loading part: xc7z010clg400-1
---------------------------------------------------------------------------------
Finished Loading Part and Timing Information : Time (s): cpu = 00:00:21 ; elapsed = 00:00:21 . Memory (MB): peak = 1225.465 ; gain = 644.574
---------------------------------------------------------------------------------
---------------------------------------------------------------------------------
Start Applying 'set_property' XDC Constraints
---------------------------------------------------------------------------------
---------------------------------------------------------------------------------
Finished applying 'set_property' XDC Constraints : Time (s): cpu = 00:00:21 ; elapsed = 00:00:21 . Memory (MB): peak = 1225.465 ; gain = 644.574
---------------------------------------------------------------------------------
---------------------------------------------------------------------------------
Finished RTL Optimization Phase 2 : Time (s): cpu = 00:00:21 ; elapsed = 00:00:22 . Memory (MB): peak = 1225.465 ; gain = 644.574
---------------------------------------------------------------------------------
---------------------------------------------------------------------------------
Start RTL Component Statistics 
---------------------------------------------------------------------------------
Detailed RTL Component Info : 
+---Adders : 
	   2 Input   16 Bit       Adders := 1     
	   3 Input   16 Bit       Adders := 1     
	   2 Input    8 Bit       Adders := 1     
+---Registers : 
	               16 Bit    Registers := 3     
	                8 Bit    Registers := 1     
	                1 Bit    Registers := 1     
+---Muxes : 
	   2 Input   16 Bit        Muxes := 2     
	   2 Input    8 Bit        Muxes := 2     
	   9 Input    1 Bit        Muxes := 5     
	   2 Input    1 Bit        Muxes := 2     
---------------------------------------------------------------------------------
Finished RTL Component Statistics 
---------------------------------------------------------------------------------
---------------------------------------------------------------------------------
Start Part Resource Summary
---------------------------------------------------------------------------------
Part Resources:
DSPs: 80 (col length:40)
BRAMs: 120 (col length: RAMB18 40 RAMB36 20)
---------------------------------------------------------------------------------
Finished Part Resource Summary
---------------------------------------------------------------------------------
---------------------------------------------------------------------------------
Start Cross Boundary and Area Optimization
---------------------------------------------------------------------------------
WARNING: [Synth 8-7080] Parallel synthesis criteria is not met
---------------------------------------------------------------------------------
Finished Cross Boundary and Area Optimization : Time (s): cpu = 00:00:25 ; elapsed = 00:00:26 . Memory (MB): peak = 1225.465 ; gain = 644.574
---------------------------------------------------------------------------------
---------------------------------------------------------------------------------
Start ROM, RAM, DSP, Shift Register and Retiming Reporting
---------------------------------------------------------------------------------

Distributed RAM: Preliminary Mapping Report (see note below)
+------------+-----------------+-----------+----------------------+-----------------+
|Module Name | RTL Object      | Inference | Size (Depth x Width) | Primitives      | 
+------------+-----------------+-----------+----------------------+-----------------+
|top         | cpu/mem/ram_reg | Implied   | 256 x 16             | RAM256X1S x 16  | 
+------------+-----------------+-----------+----------------------+-----------------+

Note: The table above is a preliminary report that shows the Distributed RAMs at the current stage of the synthesis flow. Some Distributed RAMs may be reimplemented as non Distributed RAM primitives later in the synthesis flow. Multiple instantiated RAMs are reported only once.
---------------------------------------------------------------------------------
Finished ROM, RAM, DSP, Shift Register and Retiming Reporting
---------------------------------------------------------------------------------
---------------------------------------------------------------------------------
Start Applying XDC Timing Constraints
---------------------------------------------------------------------------------
---------------------------------------------------------------------------------
Finished Applying XDC Timing Constraints : Time (s): cpu = 00:00:33 ; elapsed = 00:00:34 . Memory (MB): peak = 1353.270 ; gain = 772.379
---------------------------------------------------------------------------------
---------------------------------------------------------------------------------
Start Timing Optimization
---------------------------------------------------------------------------------
WARNING: [Synth 8-326] inferred exception to break timing loop: 'set_false_path -through cpui_1/i_225/O'
WARNING: [Synth 8-326] inferred exception to break timing loop: 'set_false_path -through cpui_1/i_238/O'
WARNING: [Synth 8-326] inferred exception to break timing loop: 'set_false_path -through cpui_1/i_252/O'
WARNING: [Synth 8-326] inferred exception to break timing loop: 'set_false_path -through cpui_1/i_265/O'
WARNING: [Synth 8-326] inferred exception to break timing loop: 'set_false_path -through cpui_1/i_210/O'
---------------------------------------------------------------------------------
Finished Timing Optimization : Time (s): cpu = 00:00:34 ; elapsed = 00:00:35 . Memory (MB): peak = 1390.898 ; gain = 810.008
---------------------------------------------------------------------------------
---------------------------------------------------------------------------------
Start ROM, RAM, DSP, Shift Register and Retiming Reporting
---------------------------------------------------------------------------------

Distributed RAM: Final Mapping Report
+------------+-----------------+-----------+----------------------+-----------------+
|Module Name | RTL Object      | Inference | Size (Depth x Width) | Primitives      | 
+------------+-----------------+-----------+----------------------+-----------------+
|top         | cpu/mem/ram_reg | Implied   | 256 x 16             | RAM256X1S x 16  | 
+------------+-----------------+-----------+----------------------+-----------------+

---------------------------------------------------------------------------------
Finished ROM, RAM, DSP, Shift Register and Retiming Reporting
---------------------------------------------------------------------------------
---------------------------------------------------------------------------------
Start Technology Mapping
---------------------------------------------------------------------------------
---------------------------------------------------------------------------------
Finished Technology Mapping : Time (s): cpu = 00:00:34 ; elapsed = 00:00:35 . Memory (MB): peak = 1390.898 ; gain = 810.008
---------------------------------------------------------------------------------
---------------------------------------------------------------------------------
Start IO Insertion
---------------------------------------------------------------------------------
---------------------------------------------------------------------------------
Start Flattening Before IO Insertion
---------------------------------------------------------------------------------
---------------------------------------------------------------------------------
Finished Flattening Before IO Insertion
---------------------------------------------------------------------------------
---------------------------------------------------------------------------------
Start Final Netlist Cleanup
---------------------------------------------------------------------------------
---------------------------------------------------------------------------------
Finished Final Netlist Cleanup
---------------------------------------------------------------------------------
---------------------------------------------------------------------------------
Finished IO Insertion : Time (s): cpu = 00:00:40 ; elapsed = 00:00:41 . Memory (MB): peak = 1581.203 ; gain = 1000.312
---------------------------------------------------------------------------------
---------------------------------------------------------------------------------
Start Renaming Generated Instances
---------------------------------------------------------------------------------
---------------------------------------------------------------------------------
Finished Renaming Generated Instances : Time (s): cpu = 00:00:40 ; elapsed = 00:00:41 . Memory (MB): peak = 1581.203 ; gain = 1000.312
---------------------------------------------------------------------------------
---------------------------------------------------------------------------------
Start Rebuilding User Hierarchy
---------------------------------------------------------------------------------
---------------------------------------------------------------------------------
Finished Rebuilding User Hierarchy : Time (s): cpu = 00:00:40 ; elapsed = 00:00:41 . Memory (MB): peak = 1581.203 ; gain = 1000.312
---------------------------------------------------------------------------------
---------------------------------------------------------------------------------
Start Renaming Generated Ports
---------------------------------------------------------------------------------
---------------------------------------------------------------------------------
Finished Renaming Generated Ports : Time (s): cpu = 00:00:40 ; elapsed = 00:00:41 . Memory (MB): peak = 1581.203 ; gain = 1000.312
---------------------------------------------------------------------------------
---------------------------------------------------------------------------------
Start Handling Custom Attributes
---------------------------------------------------------------------------------
---------------------------------------------------------------------------------
Finished Handling Custom Attributes : Time (s): cpu = 00:00:40 ; elapsed = 00:00:41 . Memory (MB): peak = 1581.203 ; gain = 1000.312
---------------------------------------------------------------------------------
---------------------------------------------------------------------------------
Start Renaming Generated Nets
---------------------------------------------------------------------------------
---------------------------------------------------------------------------------
Finished Renaming Generated Nets : Time (s): cpu = 00:00:40 ; elapsed = 00:00:41 . Memory (MB): peak = 1581.203 ; gain = 1000.312
---------------------------------------------------------------------------------
---------------------------------------------------------------------------------
Start Writing Synthesis Report
---------------------------------------------------------------------------------

Report BlackBoxes: 
+-+--------------+----------+
| |BlackBox name |Instances |
+-+--------------+----------+
+-+--------------+----------+

Report Cell Usage: 
+------+----------+------+
|      |Cell      |Count |
+------+----------+------+
|1     |BUFG      |     1|
|2     |CARRY4    |     8|
|3     |LUT2      |    34|
|4     |LUT3      |     3|
|5     |LUT4      |    13|
|6     |LUT5      |    23|
|7     |LUT6      |    96|
|8     |RAM256X1S |    16|
|9     |FDRE      |    41|
|10    |IBUF      |     6|
|11    |OBUF      |     4|
+------+----------+------+
---------------------------------------------------------------------------------
Finished Writing Synthesis Report : Time (s): cpu = 00:00:40 ; elapsed = 00:00:41 . Memory (MB): peak = 1581.203 ; gain = 1000.312
---------------------------------------------------------------------------------
Synthesis finished with 0 errors, 0 critical warnings and 6 warnings.
Synthesis Optimization Runtime : Time (s): cpu = 00:00:27 ; elapsed = 00:00:39 . Memory (MB): peak = 1581.203 ; gain = 929.543
Synthesis Optimization Complete : Time (s): cpu = 00:00:40 ; elapsed = 00:00:41 . Memory (MB): peak = 1581.203 ; gain = 1000.312
INFO: [Project 1-571] Translating synthesized netlist
Netlist sorting complete. Time (s): cpu = 00:00:00 ; elapsed = 00:00:00.004 . Memory (MB): peak = 1581.203 ; gain = 0.000
INFO: [Netlist 29-17] Analyzing 24 Unisim elements for replacement
INFO: [Netlist 29-28] Unisim Transformation completed in 0 CPU seconds
INFO: [Project 1-570] Preparing netlist for logic optimization
Parsing XDC File [C:/Users/Matheus/Documents/Faculdade/Sistemas digitais para computadores/Risc/Zybo_Constraints.xdc]
Finished Parsing XDC File [C:/Users/Matheus/Documents/Faculdade/Sistemas digitais para computadores/Risc/Zybo_Constraints.xdc]
INFO: [Opt 31-138] Pushed 0 inverter(s) to 0 load pin(s).
Netlist sorting complete. Time (s): cpu = 00:00:00 ; elapsed = 00:00:00 . Memory (MB): peak = 1581.203 ; gain = 0.000
INFO: [Project 1-111] Unisim Transformation Summary:
  A total of 16 instances were transformed.
  RAM256X1S => RAM256X1S (MUXF7(x2), MUXF8, RAMS64E(x4)): 16 instances

Synth Design complete | Checksum: 868d5c13
INFO: [Common 17-83] Releasing license: Synthesis
37 Infos, 6 Warnings, 0 Critical Warnings and 0 Errors encountered.
synth_design completed successfully
synth_design: Time (s): cpu = 00:00:45 ; elapsed = 00:00:50 . Memory (MB): peak = 1581.203 ; gain = 1214.980
# opt_design
Command: opt_design
Attempting to get a license for feature 'Implementation' and/or device 'xc7z010'
INFO: [Common 17-349] Got license for feature 'Implementation' and/or device 'xc7z010'
Running DRC as a precondition to command opt_design

Starting DRC Task
INFO: [DRC 23-27] Running DRC with 2 threads
INFO: [Project 1-461] DRC finished with 0 Errors
INFO: [Project 1-462] Please refer to the DRC report (report_drc) for more information.

Time (s): cpu = 00:00:03 ; elapsed = 00:00:02 . Memory (MB): peak = 1581.203 ; gain = 0.000

Starting Cache Timing Information Task
INFO: [Timing 38-35] Done setting XDC timing constraints.
Ending Cache Timing Information Task | Checksum: 1bd3f7e61

Time (s): cpu = 00:00:09 ; elapsed = 00:00:09 . Memory (MB): peak = 1833.703 ; gain = 252.500

Starting Logic Optimization Task

Phase 1 Initialization

Phase 1.1 Core Generation And Design Setup
Phase 1.1 Core Generation And Design Setup | Checksum: 1bd3f7e61

Time (s): cpu = 00:00:00 ; elapsed = 00:00:00.001 . Memory (MB): peak = 2209.902 ; gain = 0.000

Phase 1.2 Setup Constraints And Sort Netlist
Phase 1.2 Setup Constraints And Sort Netlist | Checksum: 1bd3f7e61

Time (s): cpu = 00:00:00 ; elapsed = 00:00:00.002 . Memory (MB): peak = 2209.902 ; gain = 0.000
Phase 1 Initialization | Checksum: 1bd3f7e61

Time (s): cpu = 00:00:00 ; elapsed = 00:00:00.003 . Memory (MB): peak = 2209.902 ; gain = 0.000

Phase 2 Timer Update And Timing Data Collection

Phase 2.1 Timer Update
Phase 2.1 Timer Update | Checksum: 1bd3f7e61

Time (s): cpu = 00:00:00 ; elapsed = 00:00:00.023 . Memory (MB): peak = 2209.902 ; gain = 0.000

Phase 2.2 Timing Data Collection
Phase 2.2 Timing Data Collection | Checksum: 1bd3f7e61

Time (s): cpu = 00:00:00 ; elapsed = 00:00:00.033 . Memory (MB): peak = 2209.902 ; gain = 0.000
Phase 2 Timer Update And Timing Data Collection | Checksum: 1bd3f7e61

Time (s): cpu = 00:00:00 ; elapsed = 00:00:00.033 . Memory (MB): peak = 2209.902 ; gain = 0.000

Phase 3 Retarget
INFO: [Opt 31-1851] Number of loadless carry chains removed were: 0
INFO: [Opt 31-1834] Total Chains To Be Transformed Were: 0 AND Number of Transformed insts Created are: 0
INFO: [Opt 31-138] Pushed 0 inverter(s) to 0 load pin(s).
INFO: [Opt 31-49] Retargeted 0 cell(s).
Phase 3 Retarget | Checksum: 1bd3f7e61

Time (s): cpu = 00:00:00 ; elapsed = 00:00:00.042 . Memory (MB): peak = 2209.902 ; gain = 0.000
Retarget | Checksum: 1bd3f7e61
INFO: [Opt 31-389] Phase Retarget created 0 cells and removed 0 cells

Phase 4 Constant propagation
INFO: [Opt 31-138] Pushed 0 inverter(s) to 0 load pin(s).
Phase 4 Constant propagation | Checksum: 1bd3f7e61

Time (s): cpu = 00:00:00 ; elapsed = 00:00:00.045 . Memory (MB): peak = 2209.902 ; gain = 0.000
Constant propagation | Checksum: 1bd3f7e61
INFO: [Opt 31-389] Phase Constant propagation created 0 cells and removed 0 cells

Phase 5 Sweep
INFO: [Constraints 18-11670] Building netlist checker database with flags, 0x8
Done building netlist checker database: Time (s): cpu = 00:00:00 ; elapsed = 00:00:00 . Memory (MB): peak = 2209.902 ; gain = 0.000
Phase 5 Sweep | Checksum: 1db30e632

Time (s): cpu = 00:00:00 ; elapsed = 00:00:00.054 . Memory (MB): peak = 2209.902 ; gain = 0.000
Sweep | Checksum: 1db30e632
INFO: [Opt 31-389] Phase Sweep created 0 cells and removed 0 cells

Phase 6 BUFG optimization
Phase 6 BUFG optimization | Checksum: 1db30e632

Time (s): cpu = 00:00:00 ; elapsed = 00:00:00.106 . Memory (MB): peak = 2209.902 ; gain = 0.000
BUFG optimization | Checksum: 1db30e632
INFO: [Opt 31-662] Phase BUFG optimization created 0 cells of which 0 are BUFGs and removed 0 cells.

Phase 7 Shift Register Optimization
INFO: [Opt 31-1064] SRL Remap converted 0 SRLs to 0 registers and converted 0 registers of register chains to 0 SRLs
Phase 7 Shift Register Optimization | Checksum: 1db30e632

Time (s): cpu = 00:00:00 ; elapsed = 00:00:00.107 . Memory (MB): peak = 2209.902 ; gain = 0.000
Shift Register Optimization | Checksum: 1db30e632
INFO: [Opt 31-389] Phase Shift Register Optimization created 0 cells and removed 0 cells

Phase 8 Post Processing Netlist
Phase 8 Post Processing Netlist | Checksum: 1db30e632

Time (s): cpu = 00:00:00 ; elapsed = 00:00:00.109 . Memory (MB): peak = 2209.902 ; gain = 0.000
Post Processing Netlist | Checksum: 1db30e632
INFO: [Opt 31-389] Phase Post Processing Netlist created 0 cells and removed 0 cells

Phase 9 Finalization

Phase 9.1 Finalizing Design Cores and Updating Shapes
Phase 9.1 Finalizing Design Cores and Updating Shapes | Checksum: 183a33fe4

Time (s): cpu = 00:00:00 ; elapsed = 00:00:00.116 . Memory (MB): peak = 2209.902 ; gain = 0.000

Phase 9.2 Verifying Netlist Connectivity

Starting Connectivity Check Task

Time (s): cpu = 00:00:00 ; elapsed = 00:00:00.018 . Memory (MB): peak = 2209.902 ; gain = 0.000
Phase 9.2 Verifying Netlist Connectivity | Checksum: 183a33fe4

Time (s): cpu = 00:00:00 ; elapsed = 00:00:00.136 . Memory (MB): peak = 2209.902 ; gain = 0.000
Phase 9 Finalization | Checksum: 183a33fe4

Time (s): cpu = 00:00:00 ; elapsed = 00:00:00.137 . Memory (MB): peak = 2209.902 ; gain = 0.000
Opt_design Change Summary
=========================


-------------------------------------------------------------------------------------------------------------------------
|  Phase                        |  #Cells created  |  #Cells Removed  |  #Constrained objects preventing optimizations  |
-------------------------------------------------------------------------------------------------------------------------
|  Retarget                     |               0  |               0  |                                              0  |
|  Constant propagation         |               0  |               0  |                                              0  |
|  Sweep                        |               0  |               0  |                                              0  |
|  BUFG optimization            |               0  |               0  |                                              0  |
|  Shift Register Optimization  |               0  |               0  |                                              0  |
|  Post Processing Netlist      |               0  |               0  |                                              0  |
-------------------------------------------------------------------------------------------------------------------------


Ending Logic Optimization Task | Checksum: 183a33fe4

Time (s): cpu = 00:00:00 ; elapsed = 00:00:00.139 . Memory (MB): peak = 2209.902 ; gain = 0.000

Starting Power Optimization Task
INFO: [Pwropt 34-132] Skipping clock gating for clocks with a period < 2.00 ns.
Ending Power Optimization Task | Checksum: 183a33fe4

Time (s): cpu = 00:00:00 ; elapsed = 00:00:00.016 . Memory (MB): peak = 2209.902 ; gain = 0.000

Starting Final Cleanup Task
Ending Final Cleanup Task | Checksum: 183a33fe4

Time (s): cpu = 00:00:00 ; elapsed = 00:00:00 . Memory (MB): peak = 2209.902 ; gain = 0.000

Starting Netlist Obfuscation Task
Netlist sorting complete. Time (s): cpu = 00:00:00 ; elapsed = 00:00:00 . Memory (MB): peak = 2209.902 ; gain = 0.000
Ending Netlist Obfuscation Task | Checksum: 183a33fe4

Time (s): cpu = 00:00:00 ; elapsed = 00:00:00.001 . Memory (MB): peak = 2209.902 ; gain = 0.000
INFO: [Common 17-83] Releasing license: Implementation
20 Infos, 0 Warnings, 0 Critical Warnings and 0 Errors encountered.
opt_design completed successfully
opt_design: Time (s): cpu = 00:00:17 ; elapsed = 00:00:17 . Memory (MB): peak = 2209.902 ; gain = 628.699
# place_design
Command: place_design
Attempting to get a license for feature 'Implementation' and/or device 'xc7z010'
INFO: [Common 17-349] Got license for feature 'Implementation' and/or device 'xc7z010'
INFO: [Common 17-83] Releasing license: Implementation
INFO: [DRC 23-27] Running DRC with 2 threads
INFO: [Vivado_Tcl 4-198] DRC finished with 0 Errors
INFO: [Vivado_Tcl 4-199] Please refer to the DRC report (report_drc) for more information.
Running DRC as a precondition to command place_design
INFO: [DRC 23-27] Running DRC with 2 threads
INFO: [Vivado_Tcl 4-198] DRC finished with 0 Errors
INFO: [Vivado_Tcl 4-199] Please refer to the DRC report (report_drc) for more information.
INFO: [Place 30-611] Multithreading enabled for place_design using a maximum of 2 CPUs

Starting Placer Task

Phase 1 Placer Initialization

Phase 1.1 Placer Initialization Netlist Sorting
Netlist sorting complete. Time (s): cpu = 00:00:00 ; elapsed = 00:00:00.001 . Memory (MB): peak = 2209.902 ; gain = 0.000
Phase 1.1 Placer Initialization Netlist Sorting | Checksum: d7abd5d7

Time (s): cpu = 00:00:00 ; elapsed = 00:00:00.002 . Memory (MB): peak = 2209.902 ; gain = 0.000
Netlist sorting complete. Time (s): cpu = 00:00:00 ; elapsed = 00:00:00 . Memory (MB): peak = 2209.902 ; gain = 0.000

Phase 1.2 IO Placement/ Clock Placement/ Build Placer Device
INFO: [Timing 38-35] Done setting XDC timing constraints.
Phase 1.2 IO Placement/ Clock Placement/ Build Placer Device | Checksum: 1e1b1af1d

Time (s): cpu = 00:00:00 ; elapsed = 00:00:00.158 . Memory (MB): peak = 2209.902 ; gain = 0.000

Phase 1.3 Build Placer Netlist Model
Phase 1.3 Build Placer Netlist Model | Checksum: 27d65a14e

Time (s): cpu = 00:00:01 ; elapsed = 00:00:00.396 . Memory (MB): peak = 2209.902 ; gain = 0.000

Phase 1.4 Constrain Clocks/Macros
Phase 1.4 Constrain Clocks/Macros | Checksum: 27d65a14e

Time (s): cpu = 00:00:01 ; elapsed = 00:00:00.399 . Memory (MB): peak = 2209.902 ; gain = 0.000
Phase 1 Placer Initialization | Checksum: 27d65a14e

Time (s): cpu = 00:00:01 ; elapsed = 00:00:00.404 . Memory (MB): peak = 2209.902 ; gain = 0.000

Phase 2 Global Placement

Phase 2.1 Floorplanning
Phase 2.1 Floorplanning | Checksum: 238dce623

Time (s): cpu = 00:00:01 ; elapsed = 00:00:00.601 . Memory (MB): peak = 2209.902 ; gain = 0.000

Phase 2.2 Update Timing before SLR Path Opt
Phase 2.2 Update Timing before SLR Path Opt | Checksum: 291b20c7e

Time (s): cpu = 00:00:01 ; elapsed = 00:00:00.716 . Memory (MB): peak = 2209.902 ; gain = 0.000

Phase 2.3 Post-Processing in Floorplanning
Phase 2.3 Post-Processing in Floorplanning | Checksum: 291b20c7e

Time (s): cpu = 00:00:01 ; elapsed = 00:00:00.719 . Memory (MB): peak = 2209.902 ; gain = 0.000

Phase 2.4 Global Place Phase1
Phase 2.4 Global Place Phase1 | Checksum: 26a9eb152

Time (s): cpu = 00:00:09 ; elapsed = 00:00:05 . Memory (MB): peak = 2209.902 ; gain = 0.000

Phase 2.5 Global Place Phase2

Phase 2.5.1 UpdateTiming Before Physical Synthesis
Phase 2.5.1 UpdateTiming Before Physical Synthesis | Checksum: 288583156

Time (s): cpu = 00:00:09 ; elapsed = 00:00:05 . Memory (MB): peak = 2209.902 ; gain = 0.000

Phase 2.5.2 Physical Synthesis In Placer
INFO: [Physopt 32-1035] Found 10 LUTNM shape to break, 1 LUT instances to create LUTNM shape
INFO: [Physopt 32-1044] Break lutnm for timing: one critical 6, two critical 4, total 10, new lutff created 0
INFO: [Physopt 32-1138] End 1 Pass. Optimized 10 nets or LUTs. Breaked 10 LUTs, combined 0 existing LUT and moved 0 existing LUT
INFO: [Physopt 32-65] No nets found for high-fanout optimization.
INFO: [Physopt 32-232] Optimized 0 net. Created 0 new instance.
INFO: [Physopt 32-775] End 1 Pass. Optimized 0 net or cell. Created 0 new cell, deleted 0 existing cell and moved 0 existing cell
INFO: [Physopt 32-456] No candidate cells for DSP register optimization found in the design.
INFO: [Physopt 32-775] End 2 Pass. Optimized 0 net or cell. Created 0 new cell, deleted 0 existing cell and moved 0 existing cell
INFO: [Physopt 32-1123] No candidate cells found for Shift Register to Pipeline optimization
INFO: [Physopt 32-775] End 2 Pass. Optimized 0 net or cell. Created 0 new cell, deleted 0 existing cell and moved 0 existing cell
INFO: [Physopt 32-1401] No candidate cells found for Shift Register optimization.
INFO: [Physopt 32-677] No candidate cells for Shift Register optimization found in the design
INFO: [Physopt 32-775] End 1 Pass. Optimized 0 net or cell. Created 0 new cell, deleted 0 existing cell and moved 0 existing cell
INFO: [Physopt 32-526] No candidate cells for BRAM register optimization found in the design
INFO: [Physopt 32-775] End 1 Pass. Optimized 0 net or cell. Created 0 new cell, deleted 0 existing cell and moved 0 existing cell
INFO: [Physopt 32-846] No candidate cells for URAM register optimization found in the design
INFO: [Physopt 32-775] End 1 Pass. Optimized 0 net or cell. Created 0 new cell, deleted 0 existing cell and moved 0 existing cell
INFO: [Physopt 32-846] No candidate cells for URAM register optimization found in the design
INFO: [Physopt 32-775] End 1 Pass. Optimized 0 net or cell. Created 0 new cell, deleted 0 existing cell and moved 0 existing cell
INFO: [Physopt 32-949] No candidate nets found for dynamic/static region interface net replication
INFO: [Physopt 32-775] End 1 Pass. Optimized 0 net or cell. Created 0 new cell, deleted 0 existing cell and moved 0 existing cell
Netlist sorting complete. Time (s): cpu = 00:00:00 ; elapsed = 00:00:00 . Memory (MB): peak = 2209.902 ; gain = 0.000

Summary of Physical Synthesis Optimizations
============================================


-----------------------------------------------------------------------------------------------------------------------------------------------------------
|  Optimization                                     |  Added Cells  |  Removed Cells  |  Optimized Cells/Nets  |  Dont Touch  |  Iterations  |  Elapsed   |
-----------------------------------------------------------------------------------------------------------------------------------------------------------
|  LUT Combining                                    |           10  |              0  |                    10  |           0  |           1  |  00:00:00  |
|  Retime                                           |            0  |              0  |                     0  |           0  |           1  |  00:00:00  |
|  Very High Fanout                                 |            0  |              0  |                     0  |           0  |           1  |  00:00:00  |
|  DSP Register                                     |            0  |              0  |                     0  |           0  |           1  |  00:00:00  |
|  Shift Register to Pipeline                       |            0  |              0  |                     0  |           0  |           1  |  00:00:00  |
|  Shift Register                                   |            0  |              0  |                     0  |           0  |           1  |  00:00:00  |
|  BRAM Register                                    |            0  |              0  |                     0  |           0  |           1  |  00:00:00  |
|  URAM Register                                    |            0  |              0  |                     0  |           0  |           1  |  00:00:00  |
|  Dynamic/Static Region Interface Net Replication  |            0  |              0  |                     0  |           0  |           1  |  00:00:00  |
|  Total                                            |           10  |              0  |                    10  |           0  |           9  |  00:00:00  |
-----------------------------------------------------------------------------------------------------------------------------------------------------------


Phase 2.5.2 Physical Synthesis In Placer | Checksum: 1e8ae999f

Time (s): cpu = 00:00:09 ; elapsed = 00:00:06 . Memory (MB): peak = 2209.902 ; gain = 0.000
Phase 2.5 Global Place Phase2 | Checksum: 17d6bf510

Time (s): cpu = 00:00:09 ; elapsed = 00:00:06 . Memory (MB): peak = 2209.902 ; gain = 0.000
Phase 2 Global Placement | Checksum: 17d6bf510

Time (s): cpu = 00:00:09 ; elapsed = 00:00:06 . Memory (MB): peak = 2209.902 ; gain = 0.000

Phase 3 Detail Placement

Phase 3.1 Commit Multi Column Macros
Phase 3.1 Commit Multi Column Macros | Checksum: 1a6f59761

Time (s): cpu = 00:00:09 ; elapsed = 00:00:06 . Memory (MB): peak = 2209.902 ; gain = 0.000

Phase 3.2 Commit Most Macros & LUTRAMs
Phase 3.2 Commit Most Macros & LUTRAMs | Checksum: 1b8f8c312

Time (s): cpu = 00:00:10 ; elapsed = 00:00:06 . Memory (MB): peak = 2209.902 ; gain = 0.000

Phase 3.3 Area Swap Optimization
Phase 3.3 Area Swap Optimization | Checksum: 1b83654c1

Time (s): cpu = 00:00:10 ; elapsed = 00:00:06 . Memory (MB): peak = 2209.902 ; gain = 0.000

Phase 3.4 Pipeline Register Optimization
Phase 3.4 Pipeline Register Optimization | Checksum: 138f3c511

Time (s): cpu = 00:00:10 ; elapsed = 00:00:06 . Memory (MB): peak = 2209.902 ; gain = 0.000

Phase 3.5 Fast Optimization
Phase 3.5 Fast Optimization | Checksum: 1ccf16728

Time (s): cpu = 00:00:12 ; elapsed = 00:00:10 . Memory (MB): peak = 2209.902 ; gain = 0.000

Phase 3.6 Small Shape Detail Placement
Phase 3.6 Small Shape Detail Placement | Checksum: 1c1b31aa6

Time (s): cpu = 00:00:13 ; elapsed = 00:00:10 . Memory (MB): peak = 2209.902 ; gain = 0.000

Phase 3.7 Re-assign LUT pins
Phase 3.7 Re-assign LUT pins | Checksum: 17e8b63df

Time (s): cpu = 00:00:13 ; elapsed = 00:00:10 . Memory (MB): peak = 2209.902 ; gain = 0.000

Phase 3.8 Pipeline Register Optimization
Phase 3.8 Pipeline Register Optimization | Checksum: 1fec9d30f

Time (s): cpu = 00:00:13 ; elapsed = 00:00:10 . Memory (MB): peak = 2209.902 ; gain = 0.000

Phase 3.9 Fast Optimization
Phase 3.9 Fast Optimization | Checksum: 12eb2aec4

Time (s): cpu = 00:00:16 ; elapsed = 00:00:15 . Memory (MB): peak = 2209.902 ; gain = 0.000
Phase 3 Detail Placement | Checksum: 12eb2aec4

Time (s): cpu = 00:00:16 ; elapsed = 00:00:15 . Memory (MB): peak = 2209.902 ; gain = 0.000

Phase 4 Post Placement Optimization and Clean-Up

Phase 4.1 Post Commit Optimization
INFO: [Timing 38-35] Done setting XDC timing constraints.

Phase 4.1.1 Post Placement Optimization
Post Placement Optimization Initialization | Checksum: 29f76ec0b

Phase 4.1.1.1 BUFG Insertion

Starting Physical Synthesis Task

Phase 1 Physical Synthesis Initialization
INFO: [Physopt 32-721] Multithreading enabled for phys_opt_design using a maximum of 2 CPUs
INFO: [Physopt 32-619] Estimated Timing Summary | WNS=-16.158 | TNS=-513.925 |
Phase 1 Physical Synthesis Initialization | Checksum: 28d5c79f4

Time (s): cpu = 00:00:00 ; elapsed = 00:00:00.038 . Memory (MB): peak = 2209.902 ; gain = 0.000
INFO: [Place 46-56] BUFG insertion identified 0 candidate nets. Inserted BUFG: 0, Replicated BUFG Driver: 0, Skipped due to Placement/Routing Conflicts: 0, Skipped due to Timing Degradation: 0, Skipped due to netlist editing failed: 0.
Ending Physical Synthesis Task | Checksum: 258ba5bcc

Time (s): cpu = 00:00:00 ; elapsed = 00:00:00.042 . Memory (MB): peak = 2209.902 ; gain = 0.000
Phase 4.1.1.1 BUFG Insertion | Checksum: 29f76ec0b

Time (s): cpu = 00:00:16 ; elapsed = 00:00:15 . Memory (MB): peak = 2209.902 ; gain = 0.000

Phase 4.1.1.2 Post Placement Timing Optimization
INFO: [Place 30-746] Post Placement Timing Summary WNS=-12.373. For the most accurate timing information please run report_timing.
Phase 4.1.1.2 Post Placement Timing Optimization | Checksum: 2a0c172e4

Time (s): cpu = 00:00:27 ; elapsed = 00:00:26 . Memory (MB): peak = 2209.902 ; gain = 0.000

Time (s): cpu = 00:00:27 ; elapsed = 00:00:26 . Memory (MB): peak = 2209.902 ; gain = 0.000
Phase 4.1 Post Commit Optimization | Checksum: 2a0c172e4

Time (s): cpu = 00:00:27 ; elapsed = 00:00:26 . Memory (MB): peak = 2209.902 ; gain = 0.000

Phase 4.2 Post Placement Cleanup
Phase 4.2 Post Placement Cleanup | Checksum: 2a0c172e4

Time (s): cpu = 00:00:27 ; elapsed = 00:00:26 . Memory (MB): peak = 2209.902 ; gain = 0.000

Phase 4.3 Placer Reporting

Phase 4.3.1 Print Estimated Congestion
INFO: [Place 30-612] Post-Placement Estimated Congestion 
 ____________________________________________________
|           | Global Congestion | Short Congestion  |
| Direction | Region Size       | Region Size       |
|___________|___________________|___________________|
|      North|                1x1|                1x1|
|___________|___________________|___________________|
|      South|                1x1|                1x1|
|___________|___________________|___________________|
|       East|                1x1|                1x1|
|___________|___________________|___________________|
|       West|                1x1|                1x1|
|___________|___________________|___________________|

Phase 4.3.1 Print Estimated Congestion | Checksum: 2a0c172e4

Time (s): cpu = 00:00:27 ; elapsed = 00:00:26 . Memory (MB): peak = 2209.902 ; gain = 0.000
Phase 4.3 Placer Reporting | Checksum: 2a0c172e4

Time (s): cpu = 00:00:27 ; elapsed = 00:00:26 . Memory (MB): peak = 2209.902 ; gain = 0.000

Phase 4.4 Final Placement Cleanup
Netlist sorting complete. Time (s): cpu = 00:00:00 ; elapsed = 00:00:00 . Memory (MB): peak = 2209.902 ; gain = 0.000

Time (s): cpu = 00:00:27 ; elapsed = 00:00:26 . Memory (MB): peak = 2209.902 ; gain = 0.000
Phase 4 Post Placement Optimization and Clean-Up | Checksum: 2752a4afd

Time (s): cpu = 00:00:27 ; elapsed = 00:00:26 . Memory (MB): peak = 2209.902 ; gain = 0.000
Ending Placer Task | Checksum: 1f5f8a5f6

Time (s): cpu = 00:00:27 ; elapsed = 00:00:26 . Memory (MB): peak = 2209.902 ; gain = 0.000
37 Infos, 0 Warnings, 0 Critical Warnings and 0 Errors encountered.
place_design completed successfully
place_design: Time (s): cpu = 00:00:31 ; elapsed = 00:00:29 . Memory (MB): peak = 2209.902 ; gain = 0.000
# route_design
Command: route_design
Attempting to get a license for feature 'Implementation' and/or device 'xc7z010'
INFO: [Common 17-349] Got license for feature 'Implementation' and/or device 'xc7z010'


Starting Routing Task
INFO: [Route 35-254] Multithreading enabled for route_design using a maximum of 2 CPUs

Phase 1 Build RT Design
Checksum: PlaceDB: c9466117 ConstDB: 0 ShapeSum: c319edb4 RouteDB: 6998572b
Post Restoration Checksum: NetGraph: 693ad947 | NumContArr: 28142b13 | Constraints: c2a8fa9d | Timing: c2a8fa9d
Phase 1 Build RT Design | Checksum: 216a0f994

Time (s): cpu = 00:00:17 ; elapsed = 00:00:17 . Memory (MB): peak = 2209.902 ; gain = 0.000

Phase 2 Router Initialization

Phase 2.1 Fix Topology Constraints
Phase 2.1 Fix Topology Constraints | Checksum: 216a0f994

Time (s): cpu = 00:00:17 ; elapsed = 00:00:17 . Memory (MB): peak = 2209.902 ; gain = 0.000

Phase 2.2 Pre Route Cleanup
Phase 2.2 Pre Route Cleanup | Checksum: 216a0f994

Time (s): cpu = 00:00:17 ; elapsed = 00:00:17 . Memory (MB): peak = 2209.902 ; gain = 0.000
 Number of Nodes with overlaps = 0

Phase 2.3 Update Timing
Phase 2.3 Update Timing | Checksum: 2740d61e0

Time (s): cpu = 00:00:18 ; elapsed = 00:00:17 . Memory (MB): peak = 2209.902 ; gain = 0.000
INFO: [Route 35-416] Intermediate Timing Summary | WNS=-12.113| TNS=-3166.893| WHS=-0.114 | THS=-0.601 |


Router Utilization Summary
  Global Vertical Routing Utilization    = 0 %
  Global Horizontal Routing Utilization  = 0 %
  Routable Net Status*
  *Does not include unroutable nets such as driverless and loadless.
  Run report_route_status for detailed report.
  Number of Failed Nets               = 217
    (Failed Nets is the sum of unrouted and partially routed nets)
  Number of Unrouted Nets             = 217
  Number of Partially Routed Nets     = 0
  Number of Node Overlaps             = 0

Phase 2 Router Initialization | Checksum: 224df8411

Time (s): cpu = 00:00:18 ; elapsed = 00:00:17 . Memory (MB): peak = 2209.902 ; gain = 0.000

Phase 3 Global Routing
Phase 3 Global Routing | Checksum: 224df8411

Time (s): cpu = 00:00:18 ; elapsed = 00:00:17 . Memory (MB): peak = 2209.902 ; gain = 0.000

Phase 4 Initial Routing

Phase 4.1 Initial Net Routing Pass
Phase 4.1 Initial Net Routing Pass | Checksum: 25c15df90

Time (s): cpu = 00:00:18 ; elapsed = 00:00:17 . Memory (MB): peak = 2209.902 ; gain = 0.000
Phase 4 Initial Routing | Checksum: 25c15df90

Time (s): cpu = 00:00:18 ; elapsed = 00:00:17 . Memory (MB): peak = 2209.902 ; gain = 0.000
INFO: [Route 35-580] Design has 12 pins with tight setup and hold constraints.

The top 5 pins with tight setup and hold constraints:

+====================+===================+=========================+
| Launch Setup Clock | Launch Hold Clock | Pin                     |
+====================+===================+=========================+
| sys_clk_pin        | sys_clk_pin       | cpu/pc/pc_addr_reg[2]/D |
| sys_clk_pin        | sys_clk_pin       | cpu/pc/pc_addr_reg[1]/D |
| sys_clk_pin        | sys_clk_pin       | cpu/pc/pc_addr_reg[7]/D |
| sys_clk_pin        | sys_clk_pin       | cpu/pc/pc_addr_reg[5]/D |
| sys_clk_pin        | sys_clk_pin       | cpu/pc/pc_addr_reg[4]/D |
+--------------------+-------------------+-------------------------+

File with complete list of pins: tight_setup_hold_pins.txt


Phase 5 Rip-up And Reroute

Phase 5.1 Global Iteration 0
 Number of Nodes with overlaps = 101
 Number of Nodes with overlaps = 17
 Number of Nodes with overlaps = 12
 Number of Nodes with overlaps = 16
 Number of Nodes with overlaps = 8
 Number of Nodes with overlaps = 5
 Number of Nodes with overlaps = 2
 Number of Nodes with overlaps = 1
 Number of Nodes with overlaps = 1
 Number of Nodes with overlaps = 0
INFO: [Route 35-416] Intermediate Timing Summary | WNS=-11.078| TNS=-3097.244| WHS=N/A    | THS=N/A    |

Phase 5.1 Global Iteration 0 | Checksum: 2d4682231

Time (s): cpu = 00:00:20 ; elapsed = 00:00:18 . Memory (MB): peak = 2209.902 ; gain = 0.000

Phase 5.2 Global Iteration 1
 Number of Nodes with overlaps = 13
 Number of Nodes with overlaps = 9
 Number of Nodes with overlaps = 5
 Number of Nodes with overlaps = 4
 Number of Nodes with overlaps = 5
 Number of Nodes with overlaps = 4
 Number of Nodes with overlaps = 2
 Number of Nodes with overlaps = 0
INFO: [Route 35-416] Intermediate Timing Summary | WNS=-10.783| TNS=-2995.022| WHS=N/A    | THS=N/A    |

Phase 5.2 Global Iteration 1 | Checksum: 2add25cae

Time (s): cpu = 00:00:20 ; elapsed = 00:00:19 . Memory (MB): peak = 2209.902 ; gain = 0.000

Phase 5.3 Global Iteration 2
 Number of Nodes with overlaps = 8
 Number of Nodes with overlaps = 5
 Number of Nodes with overlaps = 6
 Number of Nodes with overlaps = 2
 Number of Nodes with overlaps = 0
INFO: [Route 35-416] Intermediate Timing Summary | WNS=-10.778| TNS=-2991.138| WHS=N/A    | THS=N/A    |

Phase 5.3 Global Iteration 2 | Checksum: 2e88f47e3

Time (s): cpu = 00:00:21 ; elapsed = 00:00:20 . Memory (MB): peak = 2209.902 ; gain = 0.000
Phase 5 Rip-up And Reroute | Checksum: 2e88f47e3

Time (s): cpu = 00:00:21 ; elapsed = 00:00:20 . Memory (MB): peak = 2209.902 ; gain = 0.000

Phase 6 Delay and Skew Optimization

Phase 6.1 Delay CleanUp

Phase 6.1.1 Update Timing
Phase 6.1.1 Update Timing | Checksum: 27a18771f

Time (s): cpu = 00:00:21 ; elapsed = 00:00:20 . Memory (MB): peak = 2209.902 ; gain = 0.000
INFO: [Route 35-416] Intermediate Timing Summary | WNS=-10.663| TNS=-2940.587| WHS=N/A    | THS=N/A    |

 Number of Nodes with overlaps = 0
Phase 6.1 Delay CleanUp | Checksum: 2182b2a0e

Time (s): cpu = 00:00:21 ; elapsed = 00:00:20 . Memory (MB): peak = 2209.902 ; gain = 0.000

Phase 6.2 Clock Skew Optimization
Phase 6.2 Clock Skew Optimization | Checksum: 2182b2a0e

Time (s): cpu = 00:00:21 ; elapsed = 00:00:20 . Memory (MB): peak = 2209.902 ; gain = 0.000
Phase 6 Delay and Skew Optimization | Checksum: 2182b2a0e

Time (s): cpu = 00:00:21 ; elapsed = 00:00:20 . Memory (MB): peak = 2209.902 ; gain = 0.000

Phase 7 Post Hold Fix

Phase 7.1 Hold Fix Iter
INFO: [Route 35-416] Intermediate Timing Summary | WNS=-10.651| TNS=-2936.925| WHS=0.272  | THS=0.000  |

Phase 7.1 Hold Fix Iter | Checksum: 2d6aaf328

Time (s): cpu = 00:00:21 ; elapsed = 00:00:20 . Memory (MB): peak = 2209.902 ; gain = 0.000
Phase 7 Post Hold Fix | Checksum: 2d6aaf328

Time (s): cpu = 00:00:21 ; elapsed = 00:00:20 . Memory (MB): peak = 2209.902 ; gain = 0.000

Phase 8 Route finalize

Router Utilization Summary
  Global Vertical Routing Utilization    = 0.234938 %
  Global Horizontal Routing Utilization  = 0.25 %
  Routable Net Status*
  *Does not include unroutable nets such as driverless and loadless.
  Run report_route_status for detailed report.
  Number of Failed Nets               = 0
    (Failed Nets is the sum of unrouted and partially routed nets)
  Number of Unrouted Nets             = 0
  Number of Partially Routed Nets     = 0
  Number of Node Overlaps             = 0


--GLOBAL Congestion:
Utilization threshold used for congestion level computation: 0.85
Congestion Report
North Dir 1x1 Area, Max Cong = 39.6396%, No Congested Regions.
South Dir 1x1 Area, Max Cong = 31.5315%, No Congested Regions.
East Dir 1x1 Area, Max Cong = 44.1176%, No Congested Regions.
West Dir 1x1 Area, Max Cong = 35.2941%, No Congested Regions.

------------------------------
Reporting congestion hotspots
------------------------------
Direction: North
----------------
Congested clusters found at Level 0
Effective congestion level: 0 Aspect Ratio: 1 Sparse Ratio: 0
Direction: South
----------------
Congested clusters found at Level 0
Effective congestion level: 0 Aspect Ratio: 1 Sparse Ratio: 0
Direction: East
----------------
Congested clusters found at Level 0
Effective congestion level: 0 Aspect Ratio: 1 Sparse Ratio: 0
Direction: West
----------------
Congested clusters found at Level 0
Effective congestion level: 0 Aspect Ratio: 1 Sparse Ratio: 0

Phase 8 Route finalize | Checksum: 2d6aaf328

Time (s): cpu = 00:00:21 ; elapsed = 00:00:20 . Memory (MB): peak = 2209.902 ; gain = 0.000

Phase 9 Verifying routed nets

 Verification completed successfully
Phase 9 Verifying routed nets | Checksum: 2d6aaf328

Time (s): cpu = 00:00:21 ; elapsed = 00:00:20 . Memory (MB): peak = 2209.902 ; gain = 0.000

Phase 10 Depositing Routes
Phase 10 Depositing Routes | Checksum: 22ae02716

Time (s): cpu = 00:00:21 ; elapsed = 00:00:20 . Memory (MB): peak = 2209.902 ; gain = 0.000

Phase 11 Post Process Routing
Phase 11 Post Process Routing | Checksum: 22ae02716

Time (s): cpu = 00:00:21 ; elapsed = 00:00:20 . Memory (MB): peak = 2209.902 ; gain = 0.000

Phase 12 Post Router Timing
INFO: [Route 35-57] Estimated Timing Summary | WNS=-10.651| TNS=-2936.925| WHS=0.272  | THS=0.000  |

WARNING: [Route 35-328] Router estimated timing not met.
Resolution: For a complete and accurate timing signoff, report_timing_summary must be run after route_design. Alternatively, route_design can be run with the -timing_summary option to enable a complete timing signoff at the end of route_design.
Phase 12 Post Router Timing | Checksum: 22ae02716

Time (s): cpu = 00:00:21 ; elapsed = 00:00:20 . Memory (MB): peak = 2209.902 ; gain = 0.000
Total Elapsed time in route_design: 20.005 secs

Phase 13 Post-Route Event Processing
Phase 13 Post-Route Event Processing | Checksum: 1d58ba264

Time (s): cpu = 00:00:21 ; elapsed = 00:00:20 . Memory (MB): peak = 2209.902 ; gain = 0.000
INFO: [Route 35-16] Router Completed Successfully
Ending Routing Task | Checksum: 1d58ba264

Time (s): cpu = 00:00:21 ; elapsed = 00:00:20 . Memory (MB): peak = 2209.902 ; gain = 0.000

Routing Is Done.
INFO: [Common 17-83] Releasing license: Implementation
12 Infos, 1 Warnings, 0 Critical Warnings and 0 Errors encountered.
route_design completed successfully
route_design: Time (s): cpu = 00:00:21 ; elapsed = 00:00:20 . Memory (MB): peak = 2209.902 ; gain = 0.000
# set bitstream_file [file join $script_dir top.bit]
# write_bitstream -force $bitstream_file
Command: write_bitstream -force {C:/Users/Matheus/Documents/Faculdade/Sistemas digitais para computadores/Risc/top.bit}
Attempting to get a license for feature 'Implementation' and/or device 'xc7z010'
INFO: [Common 17-349] Got license for feature 'Implementation' and/or device 'xc7z010'
Running DRC as a precondition to command write_bitstream
INFO: [IP_Flow 19-234] Refreshing IP repositories
INFO: [IP_Flow 19-1704] No user IP repositories specified
INFO: [IP_Flow 19-2313] Loaded Vivado IP repository 'C:/Xilinx/Vivado/2024.2/data/ip'.
INFO: [DRC 23-27] Running DRC with 2 threads
INFO: [Vivado 12-3199] DRC finished with 0 Errors
INFO: [Vivado 12-3200] Please refer to the DRC report (report_drc) for more information.
INFO: [Designutils 20-2272] Running write_bitstream with 2 threads.
Loading data files...
Loading site data...
Loading route data...
Processing options...
Creating bitmap...
Creating bitstream...
Writing bitstream C:/Users/Matheus/Documents/Faculdade/Sistemas digitais para computadores/Risc/top.bit...
INFO: [Vivado 12-1842] Bitgen Completed Successfully.
INFO: [Project 1-1876] WebTalk data collection is mandatory when using a ULT device. To see the specific WebTalk data collected for your design, open the usage_statistics_webtalk.html or usage_statistics_webtalk.xml file in the implementation directory.
INFO: [Common 17-83] Releasing license: Implementation
11 Infos, 0 Warnings, 0 Critical Warnings and 0 Errors encountered.
write_bitstream completed successfully
write_bitstream: Time (s): cpu = 00:00:20 ; elapsed = 00:00:15 . Memory (MB): peak = 2452.496 ; gain = 242.594
# puts "Bitstream gerado em: $bitstream_file"
Bitstream gerado em: C:/Users/Matheus/Documents/Faculdade/Sistemas digitais para computadores/Risc/top.bit
INFO: [Common 17-206] Exiting Vivado at Tue Jun 23 16:39:00 2026...
