#
# An unexpected error has occurred (11)
#
Stack:
/home/elodin/Xilinx/Vivado/2024.2/tps/lnx64/jre21.0.1_12/lib//server/libjvm.so(+0xe4f55c) [0x7f144115755c]
/home/elodin/Xilinx/Vivado/2024.2/tps/lnx64/jre21.0.1_12/lib//server/libjvm.so(JVM_handle_linux_signal+0x23e) [0x7f144115802e]
/lib64/libc.so.6(+0x4e630) [0x7f1488686630]
/home/elodin/Xilinx/Vivado/2024.2/lib/lnx64.o/libxv_wavedata.so(+0x382105) [0x7f144bf58105]
/home/elodin/Xilinx/Vivado/2024.2/lib/lnx64.o/libxv_wavedata.so(SimBridge::DataObjMgr::createDrawingBTree(std::vector<SimBridge::IDataObj const*, std::allocator<SimBridge::IDataObj const*> > const&, ISIM::IGuiStatus*, bool)+0x207) [0x7f144bf586c7]
/home/elodin/Xilinx/Vivado/2024.2/lib/lnx64.o/libxv_wavedata.so(SimBridge::DataReader::getTransitions(SimBridge::IDataObj const*, long long, long long, long long, SimBridge::ValueFormat const&, std::vector<SimBridge::Transition, std::allocator<SimBridge::Transition> >&) const+0x6f) [0x7f144bf8e46f]
/home/elodin/Xilinx/Vivado/2024.2/lib/lnx64.o/libxv_wavedata.so(SG_Model::ModelImp::getTransitions(SimBridge::IDataObj const*, SG_Model::IDatabase*, long long, long long, long long, SimBridge::ValueFormat const&, bool, std::vector<SimBridge::Transition, std::allocator<SimBridge::Transition> >&) const+0xbd) [0x7f144be27e6d]
/home/elodin/Xilinx/Vivado/2024.2/lib/lnx64.o/libxv_wavedata.so(SG_Model::Model::getTransitions(SG_Model::WVDataObject const*, long long, long long, long long, SimBridge::ValueFormat const&, bool, std::vector<SimBridge::Transition, std::allocator<SimBridge::Transition> >&) const+0x12c) [0x7f144be2958c]
/home/elodin/Xilinx/Vivado/2024.2/lib/lnx64.o/libxv_wavedata.so(+0x3ef2fa) [0x7f144bfc52fa]
/home/elodin/Xilinx/Vivado/2024.2/lib/lnx64.o/libxv_wavedata.so(SG_Model::WaveformRender::render(SG_Model::WVDataObject const&)+0x294) [0x7f144bfc1d74]
/home/elodin/Xilinx/Vivado/2024.2/lib/lnx64.o/libxv_wavedata.so(WaveViewer::WVWaveformPanel::WaveformTraverser::drawWaveform(SG_Model::WVDataObject const*, int, int)+0x38e) [0x7f144be6ac9e]
/home/elodin/Xilinx/Vivado/2024.2/lib/lnx64.o/libxv_wavedata.so(WaveViewer::WVWaveformPanel::WaveformTraverser::handleItemSize(WaveViewer::WVTreeWVObjectModel::ITraverseHandler::TraverseItem const&)+0x52) [0x7f144be6af72]
/home/elodin/Xilinx/Vivado/2024.2/lib/lnx64.o/libxv_wavedata.so(WaveViewer::WVTreeWVObjectModel::traverseYRange(SG_Model::WVDataObject const*, WaveViewer::WVTreeWVObjectModel::ITraverseHandler&, int, int, int&, int&) const+0x234) [0x7f144be72744]
/home/elodin/Xilinx/Vivado/2024.2/lib/lnx64.o/libxv_wavedata.so(WaveViewer::WVTreeWVObjectModel::traverseYRange(SG_Model::WVDataObject const*, WaveViewer::WVTreeWVObjectModel::ITraverseHandler&, int, int, int&, int&) const+0x2be) [0x7f144be727ce]
/home/elodin/Xilinx/Vivado/2024.2/lib/lnx64.o/libxv_wavedata.so(WaveViewer::WVTreeWVObjectModel::traverseYRange(WaveViewer::WVTreeWVObjectModel::ITraverseHandler&, int, int) const+0x57) [0x7f144be72907]
/home/elodin/Xilinx/Vivado/2024.2/lib/lnx64.o/libxv_wavedata.so(WaveViewer::WVWaveformPanel::getGraphics(HDGDStringStream&, long&)+0x3a9) [0x7f144be6a299]
/home/elodin/Xilinx/Vivado/2024.2/lib/lnx64.o/libxv_wavedata.so(WVExecutiveImp::getGraphicsDataSize()+0x9a) [0x7f144beda1ea]
/home/elodin/Xilinx/Vivado/2024.2/lib/lnx64.o/libxv_wavedata.so(WVExecutive::getGraphicsDataSize()+0xf) [0x7f144beda66f]
/home/elodin/Xilinx/Vivado/2024.2/lib/lnx64.o/libxv_wavedata.so(Java_ui_views_waveform_waveformi_WVExecutive_1getGraphicsDataSize+0x17) [0x7f144bf466e7]
[0x7f1430bade6a]
